[ 2017-08-01T10:52:00+08:00 ] 223.81.192.208 /index.php/Mobile/Login/login.html
INFO: [ app_init ] --START--
INFO: Run Behavior\BuildLiteBehavior [ RunTime:0.000012s ]
INFO: [ app_init ] --END-- [ RunTime:0.000250s ]
INFO: [ app_begin ] --START--
INFO: Run Behavior\ReadHtmlCacheBehavior [ RunTime:0.000317s ]
INFO: [ app_begin ] --END-- [ RunTime:0.000397s ]
INFO: [ action_begin ] --START--
INFO: Run Admin\Behaviors\OptionRecordBehavior [ RunTime:0.000332s ]
INFO: [ action_begin ] --END-- [ RunTime:0.000381s ]
INFO: [ view_parse ] --START--
INFO: [ template_filter ] --START--
INFO: Run Behavior\ContentReplaceBehavior [ RunTime:0.000035s ]
INFO: [ template_filter ] --END-- [ RunTime:0.000100s ]
INFO: Run Behavior\ParseTemplateBehavior [ RunTime:0.004145s ]
INFO: [ view_parse ] --END-- [ RunTime:0.004186s ]
INFO: [ view_filter ] --START--
INFO: Run Behavior\WriteHtmlCacheBehavior [ RunTime:0.000149s ]
INFO: [ view_filter ] --END-- [ RunTime:0.000186s ]
INFO: [ app_end ] --START--
INFO: Run Behavior\ShowPageTraceBehavior [ RunTime:0.000399s ]
INFO: [ app_end ] --END-- [ RunTime:0.000440s ]

[ 2017-08-01T10:52:00+08:00 ] 223.81.192.208 /index.php/Mobile/Login/verify.html
INFO: [ app_init ] --START--
INFO: Run Behavior\BuildLiteBehavior [ RunTime:0.000036s ]
INFO: [ app_init ] --END-- [ RunTime:0.000306s ]
INFO: [ app_begin ] --START--
INFO: Run Behavior\ReadHtmlCacheBehavior [ RunTime:0.000348s ]
INFO: [ app_begin ] --END-- [ RunTime:0.000394s ]
INFO: [ action_begin ] --START--
INFO: Run Admin\Behaviors\OptionRecordBehavior [ RunTime:0.000295s ]
INFO: [ action_begin ] --END-- [ RunTime:0.000344s ]
INFO: [ app_end ] --START--
INFO: Run Behavior\ShowPageTraceBehavior [ RunTime:0.000356s ]
INFO: [ app_end ] --END-- [ RunTime:0.000437s ]

[ 2017-08-01T10:52:01+08:00 ] 223.81.192.208 /index.php/Mobile/Login/login.html
INFO: [ app_init ] --START--
INFO: Run Behavior\BuildLiteBehavior [ RunTime:0.000013s ]
INFO: [ app_init ] --END-- [ RunTime:0.000307s ]
INFO: [ app_begin ] --START--
INFO: Run Behavior\ReadHtmlCacheBehavior [ RunTime:0.000399s ]
INFO: [ app_begin ] --END-- [ RunTime:0.000446s ]
INFO: [ action_begin ] --START--
INFO: Run Admin\Behaviors\OptionRecordBehavior [ RunTime:0.000334s ]
INFO: [ action_begin ] --END-- [ RunTime:0.000397s ]
INFO: [ view_parse ] --START--
INFO: [ template_filter ] --START--
INFO: Run Behavior\ContentReplaceBehavior [ RunTime:0.000035s ]
INFO: [ template_filter ] --END-- [ RunTime:0.000082s ]
INFO: Run Behavior\ParseTemplateBehavior [ RunTime:0.004089s ]
INFO: [ view_parse ] --END-- [ RunTime:0.004134s ]
INFO: [ view_filter ] --START--
INFO: Run Behavior\WriteHtmlCacheBehavior [ RunTime:0.000170s ]
INFO: [ view_filter ] --END-- [ RunTime:0.000207s ]
INFO: [ app_end ] --START--
INFO: Run Behavior\ShowPageTraceBehavior [ RunTime:0.000362s ]
INFO: [ app_end ] --END-- [ RunTime:0.000403s ]

[ 2017-08-01T10:52:01+08:00 ] 223.81.192.208 /index.php/Mobile/Login/verify.html
INFO: [ app_init ] --START--
INFO: Run Behavior\BuildLiteBehavior [ RunTime:0.000013s ]
INFO: [ app_init ] --END-- [ RunTime:0.000243s ]
INFO: [ app_begin ] --START--
INFO: Run Behavior\ReadHtmlCacheBehavior [ RunTime:0.000322s ]
INFO: [ app_begin ] --END-- [ RunTime:0.000370s ]
INFO: [ action_begin ] --START--
INFO: Run Admin\Behaviors\OptionRecordBehavior [ RunTime:0.000386s ]
INFO: [ action_begin ] --END-- [ RunTime:0.000446s ]
INFO: [ app_end ] --START--
INFO: Run Behavior\ShowPageTraceBehavior [ RunTime:0.000371s ]
INFO: [ app_end ] --END-- [ RunTime:0.000425s ]

[ 2017-08-01T10:52:02+08:00 ] 223.81.192.208 /index.php/Mobile/Login/login.html
INFO: [ app_init ] --START--
INFO: Run Behavior\BuildLiteBehavior [ RunTime:0.000018s ]
INFO: [ app_init ] --END-- [ RunTime:0.000456s ]
INFO: [ app_begin ] --START--
INFO: Run Behavior\ReadHtmlCacheBehavior [ RunTime:0.000545s ]
INFO: [ app_begin ] --END-- [ RunTime:0.000618s ]
INFO: [ action_begin ] --START--
INFO: Run Admin\Behaviors\OptionRecordBehavior [ RunTime:0.000494s ]
INFO: [ action_begin ] --END-- [ RunTime:0.000575s ]
INFO: [ view_parse ] --START--
INFO: [ template_filter ] --START--
INFO: Run Behavior\ContentReplaceBehavior [ RunTime:0.000063s ]
INFO: [ template_filter ] --END-- [ RunTime:0.000131s ]
INFO: Run Behavior\ParseTemplateBehavior [ RunTime:0.009649s ]
INFO: [ view_parse ] --END-- [ RunTime:0.009719s ]
INFO: [ view_filter ] --START--
INFO: Run Behavior\WriteHtmlCacheBehavior [ RunTime:0.000341s ]
INFO: [ view_filter ] --END-- [ RunTime:0.000417s ]
INFO: [ app_end ] --START--
INFO: Run Behavior\ShowPageTraceBehavior [ RunTime:0.000510s ]
INFO: [ app_end ] --END-- [ RunTime:0.000608s ]

[ 2017-08-01T10:52:02+08:00 ] 223.81.192.208 /index.php/Mobile/Login/verify.html
INFO: [ app_init ] --START--
INFO: Run Behavior\BuildLiteBehavior [ RunTime:0.000013s ]
INFO: [ app_init ] --END-- [ RunTime:0.000283s ]
INFO: [ app_begin ] --START--
INFO: Run Behavior\ReadHtmlCacheBehavior [ RunTime:0.000360s ]
INFO: [ app_begin ] --END-- [ RunTime:0.000431s ]
INFO: [ action_begin ] --START--
INFO: Run Admin\Behaviors\OptionRecordBehavior [ RunTime:0.000284s ]
INFO: [ action_begin ] --END-- [ RunTime:0.000336s ]
INFO: [ app_end ] --START--
INFO: Run Behavior\ShowPageTraceBehavior [ RunTime:0.000363s ]
INFO: [ app_end ] --END-- [ RunTime:0.000417s ]

[ 2017-08-01T10:53:28+08:00 ] 223.81.192.208 /index.php/Mobile/Login/login.html
INFO: [ app_init ] --START--
INFO: Run Behavior\BuildLiteBehavior [ RunTime:0.000012s ]
INFO: [ app_init ] --END-- [ RunTime:0.000239s ]
INFO: [ app_begin ] --START--
INFO: Run Behavior\ReadHtmlCacheBehavior [ RunTime:0.000312s ]
INFO: [ app_begin ] --END-- [ RunTime:0.000355s ]
INFO: [ action_begin ] --START--
INFO: Run Admin\Behaviors\OptionRecordBehavior [ RunTime:0.000291s ]
INFO: [ action_begin ] --END-- [ RunTime:0.000339s ]
INFO: [ view_parse ] --START--
INFO: [ template_filter ] --START--
INFO: Run Behavior\ContentReplaceBehavior [ RunTime:0.000035s ]
INFO: [ template_filter ] --END-- [ RunTime:0.000080s ]
INFO: Run Behavior\ParseTemplateBehavior [ RunTime:0.003661s ]
INFO: [ view_parse ] --END-- [ RunTime:0.003701s ]
INFO: [ view_filter ] --START--
INFO: Run Behavior\WriteHtmlCacheBehavior [ RunTime:0.000158s ]
INFO: [ view_filter ] --END-- [ RunTime:0.000192s ]
INFO: [ app_end ] --START--
INFO: Run Behavior\ShowPageTraceBehavior [ RunTime:0.000318s ]
INFO: [ app_end ] --END-- [ RunTime:0.000356s ]

[ 2017-08-01T10:53:29+08:00 ] 223.81.192.208 /index.php/Mobile/Login/verify.html
INFO: [ app_init ] --START--
INFO: Run Behavior\BuildLiteBehavior [ RunTime:0.000014s ]
INFO: [ app_init ] --END-- [ RunTime:0.000252s ]
INFO: [ app_begin ] --START--
INFO: Run Behavior\ReadHtmlCacheBehavior [ RunTime:0.000320s ]
INFO: [ app_begin ] --END-- [ RunTime:0.000365s ]
INFO: [ action_begin ] --START--
INFO: Run Admin\Behaviors\OptionRecordBehavior [ RunTime:0.000299s ]
INFO: [ action_begin ] --END-- [ RunTime:0.000349s ]
INFO: [ app_end ] --START--
INFO: Run Behavior\ShowPageTraceBehavior [ RunTime:0.000348s ]
INFO: [ app_end ] --END-- [ RunTime:0.000401s ]

[ 2017-08-01T10:53:43+08:00 ] 223.81.192.208 //index.php/Mobile/Login/verify.html
INFO: [ app_init ] --START--
INFO: Run Behavior\BuildLiteBehavior [ RunTime:0.000013s ]
INFO: [ app_init ] --END-- [ RunTime:0.000258s ]
INFO: [ app_begin ] --START--
INFO: Run Behavior\ReadHtmlCacheBehavior [ RunTime:0.000349s ]
INFO: [ app_begin ] --END-- [ RunTime:0.000394s ]
INFO: [ action_begin ] --START--
INFO: Run Admin\Behaviors\OptionRecordBehavior [ RunTime:0.000311s ]
INFO: [ action_begin ] --END-- [ RunTime:0.000383s ]
INFO: [ app_end ] --START--
INFO: Run Behavior\ShowPageTraceBehavior [ RunTime:0.000362s ]
INFO: [ app_end ] --END-- [ RunTime:0.000415s ]

[ 2017-08-01T10:57:36+08:00 ] 223.81.192.208 /index.php/Mobile/Login/login.html
INFO: [ app_init ] --START--
INFO: Run Behavior\BuildLiteBehavior [ RunTime:0.000013s ]
INFO: [ app_init ] --END-- [ RunTime:0.000288s ]
INFO: [ app_begin ] --START--
INFO: Run Behavior\ReadHtmlCacheBehavior [ RunTime:0.000320s ]
INFO: [ app_begin ] --END-- [ RunTime:0.000366s ]
INFO: [ action_begin ] --START--
INFO: Run Admin\Behaviors\OptionRecordBehavior [ RunTime:0.000300s ]
INFO: [ action_begin ] --END-- [ RunTime:0.000350s ]
INFO: [ view_parse ] --START--
INFO: [ template_filter ] --START--
INFO: Run Behavior\ContentReplaceBehavior [ RunTime:0.000035s ]
INFO: [ template_filter ] --END-- [ RunTime:0.000081s ]
INFO: Run Behavior\ParseTemplateBehavior [ RunTime:0.003757s ]
INFO: [ view_parse ] --END-- [ RunTime:0.003800s ]
INFO: [ view_filter ] --START--
INFO: Run Behavior\WriteHtmlCacheBehavior [ RunTime:0.000153s ]
INFO: [ view_filter ] --END-- [ RunTime:0.000188s ]
INFO: [ app_end ] --START--
INFO: Run Behavior\ShowPageTraceBehavior [ RunTime:0.000349s ]
INFO: [ app_end ] --END-- [ RunTime:0.000388s ]

[ 2017-08-01T10:57:37+08:00 ] 223.81.192.208 /index.php/Mobile/Login/verify.html
INFO: [ app_init ] --START--
INFO: Run Behavior\BuildLiteBehavior [ RunTime:0.000017s ]
INFO: [ app_init ] --END-- [ RunTime:0.000268s ]
INFO: [ app_begin ] --START--
INFO: Run Behavior\ReadHtmlCacheBehavior [ RunTime:0.000341s ]
INFO: [ app_begin ] --END-- [ RunTime:0.000386s ]
INFO: [ action_begin ] --START--
INFO: Run Admin\Behaviors\OptionRecordBehavior [ RunTime:0.000276s ]
INFO: [ action_begin ] --END-- [ RunTime:0.000350s ]
INFO: [ app_end ] --START--
INFO: Run Behavior\ShowPageTraceBehavior [ RunTime:0.000361s ]
INFO: [ app_end ] --END-- [ RunTime:0.000434s ]

[ 2017-08-01T10:58:08+08:00 ] 223.81.192.208 /index.php/Mobile/Login/doLogin.html
INFO: [ app_init ] --START--
INFO: Run Behavior\BuildLiteBehavior [ RunTime:0.000013s ]
INFO: [ app_init ] --END-- [ RunTime:0.000245s ]
INFO: [ app_begin ] --START--
INFO: Run Behavior\ReadHtmlCacheBehavior [ RunTime:0.000325s ]
INFO: [ app_begin ] --END-- [ RunTime:0.000369s ]
INFO: [ action_begin ] --START--
INFO: Run Admin\Behaviors\OptionRecordBehavior [ RunTime:0.000288s ]
INFO: [ action_begin ] --END-- [ RunTime:0.000345s ]
SQL: SHOW COLUMNS FROM `admin_user` [ RunTime:0.0006s ]
SQL: SELECT * FROM `admin_user` WHERE `user_name` = 'admin' AND `password` = '4297f44b13955235245b2497399d7a93' AND `status` = 1 LIMIT 1   [ RunTime:0.0002s ]

[ 2017-08-01T10:58:08+08:00 ] 223.81.192.208 /index.php/Mobile/Index/index.html
INFO: [ app_init ] --START--
INFO: Run Behavior\BuildLiteBehavior [ RunTime:0.000015s ]
INFO: [ app_init ] --END-- [ RunTime:0.000281s ]
INFO: [ app_begin ] --START--
INFO: Run Behavior\ReadHtmlCacheBehavior [ RunTime:0.000324s ]
INFO: [ app_begin ] --END-- [ RunTime:0.000396s ]
INFO: [ action_begin ] --START--
INFO: Run Admin\Behaviors\OptionRecordBehavior [ RunTime:0.000286s ]
INFO: [ action_begin ] --END-- [ RunTime:0.000337s ]
SQL: SHOW COLUMNS FROM `member_work` [ RunTime:0.0006s ]
SQL: SELECT * FROM `member_work` WHERE `uid` = null  [ RunTime:0.0002s ]
INFO: [ view_parse ] --START--
INFO: [ template_filter ] --START--
INFO: Run Behavior\ContentReplaceBehavior [ RunTime:0.000035s ]
INFO: [ template_filter ] --END-- [ RunTime:0.000084s ]
INFO: Run Behavior\ParseTemplateBehavior [ RunTime:0.004086s ]
INFO: [ view_parse ] --END-- [ RunTime:0.004132s ]
INFO: [ view_filter ] --START--
INFO: Run Behavior\WriteHtmlCacheBehavior [ RunTime:0.000153s ]
INFO: [ view_filter ] --END-- [ RunTime:0.000189s ]
INFO: [ app_end ] --START--
INFO: Run Behavior\ShowPageTraceBehavior [ RunTime:0.000357s ]
INFO: [ app_end ] --END-- [ RunTime:0.000399s ]

[ 2017-08-01T10:58:20+08:00 ] 223.81.192.208 /index.php/Mobile/Index/index.html
INFO: [ app_init ] --START--
INFO: Run Behavior\BuildLiteBehavior [ RunTime:0.000012s ]
INFO: [ app_init ] --END-- [ RunTime:0.000239s ]
INFO: [ app_begin ] --START--
INFO: Run Behavior\ReadHtmlCacheBehavior [ RunTime:0.000319s ]
INFO: [ app_begin ] --END-- [ RunTime:0.000364s ]
INFO: [ action_begin ] --START--
INFO: Run Admin\Behaviors\OptionRecordBehavior [ RunTime:0.000299s ]
INFO: [ action_begin ] --END-- [ RunTime:0.000345s ]
SQL: SHOW COLUMNS FROM `member_work` [ RunTime:0.0004s ]
SQL: SELECT * FROM `member_work` WHERE `uid` = null  [ RunTime:0.0001s ]
INFO: [ view_parse ] --START--
INFO: [ template_filter ] --START--
INFO: Run Behavior\ContentReplaceBehavior [ RunTime:0.000032s ]
INFO: [ template_filter ] --END-- [ RunTime:0.000076s ]
INFO: Run Behavior\ParseTemplateBehavior [ RunTime:0.004250s ]
INFO: [ view_parse ] --END-- [ RunTime:0.004292s ]
INFO: [ view_filter ] --START--
INFO: Run Behavior\WriteHtmlCacheBehavior [ RunTime:0.000144s ]
INFO: [ view_filter ] --END-- [ RunTime:0.000177s ]
INFO: [ app_end ] --START--
INFO: Run Behavior\ShowPageTraceBehavior [ RunTime:0.000364s ]
INFO: [ app_end ] --END-- [ RunTime:0.000404s ]

[ 2017-08-01T11:07:34+08:00 ] 223.81.192.208 /index.php/mobile
INFO: [ app_init ] --START--
INFO: Run Behavior\BuildLiteBehavior [ RunTime:0.000012s ]
INFO: [ app_init ] --END-- [ RunTime:0.000246s ]
INFO: [ app_begin ] --START--
INFO: Run Behavior\ReadHtmlCacheBehavior [ RunTime:0.000341s ]
INFO: [ app_begin ] --END-- [ RunTime:0.000383s ]
INFO: [ action_begin ] --START--
INFO: Run Admin\Behaviors\OptionRecordBehavior [ RunTime:0.000305s ]
INFO: [ action_begin ] --END-- [ RunTime:0.000354s ]
SQL: SHOW COLUMNS FROM `member_work` [ RunTime:0.0005s ]
SQL: SELECT * FROM `member_work` WHERE `uid` = 15  [ RunTime:0.0002s ]
SQL: SHOW COLUMNS FROM `project` [ RunTime:0.0004s ]
SQL: SELECT `project_name` FROM `project` WHERE ( id=2 ) LIMIT 1   [ RunTime:0.0002s ]
SQL: SELECT `project_name` FROM `project` WHERE ( id=2 ) LIMIT 1   [ RunTime:0.0000s ]
SQL: SELECT `project_name` FROM `project` WHERE ( id=2 ) LIMIT 1   [ RunTime:0.0001s ]
SQL: SELECT `project_name` FROM `project` WHERE ( id=2 ) LIMIT 1   [ RunTime:0.0000s ]
SQL: SELECT `project_name` FROM `project` WHERE ( id=2 ) LIMIT 1   [ RunTime:0.0000s ]
SQL: SELECT `project_name` FROM `project` WHERE ( id=2 ) LIMIT 1   [ RunTime:0.0000s ]
INFO: [ view_parse ] --START--
INFO: [ template_filter ] --START--
INFO: Run Behavior\ContentReplaceBehavior [ RunTime:0.000040s ]
INFO: [ template_filter ] --END-- [ RunTime:0.000082s ]
INFO: Run Behavior\ParseTemplateBehavior [ RunTime:0.004093s ]
INFO: [ view_parse ] --END-- [ RunTime:0.004133s ]
INFO: [ view_filter ] --START--
INFO: Run Behavior\WriteHtmlCacheBehavior [ RunTime:0.000149s ]
INFO: [ view_filter ] --END-- [ RunTime:0.000185s ]
INFO: [ app_end ] --START--
INFO: Run Behavior\ShowPageTraceBehavior [ RunTime:0.000318s ]
INFO: [ app_end ] --END-- [ RunTime:0.000367s ]

[ 2017-08-01T11:07:52+08:00 ] 223.81.192.208 /index.php/mobile
INFO: [ app_init ] --START--
INFO: Run Behavior\BuildLiteBehavior [ RunTime:0.000012s ]
INFO: [ app_init ] --END-- [ RunTime:0.000237s ]
INFO: [ app_begin ] --START--
INFO: Run Behavior\ReadHtmlCacheBehavior [ RunTime:0.000323s ]
INFO: [ app_begin ] --END-- [ RunTime:0.000366s ]
INFO: [ action_begin ] --START--
INFO: Run Admin\Behaviors\OptionRecordBehavior [ RunTime:0.000287s ]
INFO: [ action_begin ] --END-- [ RunTime:0.000334s ]
SQL: SHOW COLUMNS FROM `member_work` [ RunTime:0.0004s ]
SQL: SELECT * FROM `member_work` WHERE `uid` = null  [ RunTime:0.0001s ]
INFO: [ view_parse ] --START--
INFO: [ template_filter ] --START--
INFO: Run Behavior\ContentReplaceBehavior [ RunTime:0.000048s ]
INFO: [ template_filter ] --END-- [ RunTime:0.000091s ]
INFO: Run Behavior\ParseTemplateBehavior [ RunTime:0.003785s ]
INFO: [ view_parse ] --END-- [ RunTime:0.003837s ]
INFO: [ view_filter ] --START--
INFO: Run Behavior\WriteHtmlCacheBehavior [ RunTime:0.000145s ]
INFO: [ view_filter ] --END-- [ RunTime:0.000178s ]
INFO: [ app_end ] --START--
INFO: Run Behavior\ShowPageTraceBehavior [ RunTime:0.000343s ]
INFO: [ app_end ] --END-- [ RunTime:0.000381s ]

[ 2017-08-01T11:08:16+08:00 ] 223.81.192.208 /index.php/mobile/login/login
INFO: [ app_init ] --START--
INFO: Run Behavior\BuildLiteBehavior [ RunTime:0.000012s ]
INFO: [ app_init ] --END-- [ RunTime:0.000252s ]
INFO: [ app_begin ] --START--
INFO: Run Behavior\ReadHtmlCacheBehavior [ RunTime:0.000318s ]
INFO: [ app_begin ] --END-- [ RunTime:0.000363s ]
INFO: [ action_begin ] --START--
INFO: Run Admin\Behaviors\OptionRecordBehavior [ RunTime:0.000367s ]
INFO: [ action_begin ] --END-- [ RunTime:0.000420s ]
INFO: [ view_parse ] --START--
INFO: [ template_filter ] --START--
INFO: Run Behavior\ContentReplaceBehavior [ RunTime:0.000034s ]
INFO: [ template_filter ] --END-- [ RunTime:0.000080s ]
INFO: Run Behavior\ParseTemplateBehavior [ RunTime:0.003764s ]
INFO: [ view_parse ] --END-- [ RunTime:0.003804s ]
INFO: [ view_filter ] --START--
INFO: Run Behavior\WriteHtmlCacheBehavior [ RunTime:0.000149s ]
INFO: [ view_filter ] --END-- [ RunTime:0.000183s ]
INFO: [ app_end ] --START--
INFO: Run Behavior\ShowPageTraceBehavior [ RunTime:0.000337s ]
INFO: [ app_end ] --END-- [ RunTime:0.000387s ]

[ 2017-08-01T11:08:17+08:00 ] 223.81.192.208 /index.php/Mobile/Login/verify.html
INFO: [ app_init ] --START--
INFO: Run Behavior\BuildLiteBehavior [ RunTime:0.000019s ]
INFO: [ app_init ] --END-- [ RunTime:0.000389s ]
INFO: [ app_begin ] --START--
INFO: Run Behavior\ReadHtmlCacheBehavior [ RunTime:0.000483s ]
INFO: [ app_begin ] --END-- [ RunTime:0.000547s ]
INFO: [ action_begin ] --START--
INFO: Run Admin\Behaviors\OptionRecordBehavior [ RunTime:0.000427s ]
INFO: [ action_begin ] --END-- [ RunTime:0.000494s ]
INFO: [ app_end ] --START--
INFO: Run Behavior\ShowPageTraceBehavior [ RunTime:0.000515s ]
INFO: [ app_end ] --END-- [ RunTime:0.000595s ]

[ 2017-08-01T11:08:30+08:00 ] 223.81.192.208 /index.php/mobile/login/login
INFO: [ app_init ] --START--
INFO: Run Behavior\BuildLiteBehavior [ RunTime:0.000012s ]
INFO: [ app_init ] --END-- [ RunTime:0.000237s ]
INFO: [ app_begin ] --START--
INFO: Run Behavior\ReadHtmlCacheBehavior [ RunTime:0.000330s ]
INFO: [ app_begin ] --END-- [ RunTime:0.000374s ]
INFO: [ action_begin ] --START--
INFO: Run Admin\Behaviors\OptionRecordBehavior [ RunTime:0.000279s ]
INFO: [ action_begin ] --END-- [ RunTime:0.000327s ]
INFO: [ view_parse ] --START--
INFO: [ template_filter ] --START--
INFO: Run Behavior\ContentReplaceBehavior [ RunTime:0.000034s ]
INFO: [ template_filter ] --END-- [ RunTime:0.000079s ]
INFO: Run Behavior\ParseTemplateBehavior [ RunTime:0.004112s ]
INFO: [ view_parse ] --END-- [ RunTime:0.004153s ]
INFO: [ view_filter ] --START--
INFO: Run Behavior\WriteHtmlCacheBehavior [ RunTime:0.000145s ]
INFO: [ view_filter ] --END-- [ RunTime:0.000180s ]
INFO: [ app_end ] --START--
INFO: Run Behavior\ShowPageTraceBehavior [ RunTime:0.000323s ]
INFO: [ app_end ] --END-- [ RunTime:0.000362s ]

[ 2017-08-01T11:08:30+08:00 ] 223.81.192.208 /index.php/Mobile/Login/verify.html
INFO: [ app_init ] --START--
INFO: Run Behavior\BuildLiteBehavior [ RunTime:0.000013s ]
INFO: [ app_init ] --END-- [ RunTime:0.000241s ]
INFO: [ app_begin ] --START--
INFO: Run Behavior\ReadHtmlCacheBehavior [ RunTime:0.000328s ]
INFO: [ app_begin ] --END-- [ RunTime:0.000374s ]
INFO: [ action_begin ] --START--
INFO: Run Admin\Behaviors\OptionRecordBehavior [ RunTime:0.000277s ]
INFO: [ action_begin ] --END-- [ RunTime:0.000326s ]
INFO: [ app_end ] --START--
INFO: Run Behavior\ShowPageTraceBehavior [ RunTime:0.000343s ]
INFO: [ app_end ] --END-- [ RunTime:0.000397s ]

[ 2017-08-01T11:08:54+08:00 ] 223.81.192.208 /index.php/Mobile/Login/doLogin.html
INFO: [ app_init ] --START--
INFO: Run Behavior\BuildLiteBehavior [ RunTime:0.000012s ]
INFO: [ app_init ] --END-- [ RunTime:0.000266s ]
INFO: [ app_begin ] --START--
INFO: Run Behavior\ReadHtmlCacheBehavior [ RunTime:0.000344s ]
INFO: [ app_begin ] --END-- [ RunTime:0.000388s ]
INFO: [ action_begin ] --START--
INFO: Run Admin\Behaviors\OptionRecordBehavior [ RunTime:0.000341s ]
INFO: [ action_begin ] --END-- [ RunTime:0.000386s ]
SQL: SHOW COLUMNS FROM `admin_user` [ RunTime:0.0005s ]
SQL: SELECT * FROM `admin_user` WHERE `user_name` = 'admin' AND `password` = '4297f44b13955235245b2497399d7a93' AND `status` = 1 LIMIT 1   [ RunTime:0.0002s ]

[ 2017-08-01T11:08:54+08:00 ] 223.81.192.208 /index.php/Mobile/Index/index.html
INFO: [ app_init ] --START--
INFO: Run Behavior\BuildLiteBehavior [ RunTime:0.000012s ]
INFO: [ app_init ] --END-- [ RunTime:0.000246s ]
INFO: [ app_begin ] --START--
INFO: Run Behavior\ReadHtmlCacheBehavior [ RunTime:0.000322s ]
INFO: [ app_begin ] --END-- [ RunTime:0.000368s ]
INFO: [ action_begin ] --START--
INFO: Run Admin\Behaviors\OptionRecordBehavior [ RunTime:0.000272s ]
INFO: [ action_begin ] --END-- [ RunTime:0.000320s ]
SQL: SHOW COLUMNS FROM `member_work` [ RunTime:0.0005s ]
SQL: SELECT * FROM `member_work` WHERE `uid` = null  [ RunTime:0.0001s ]
INFO: [ view_parse ] --START--
INFO: [ template_filter ] --START--
INFO: Run Behavior\ContentReplaceBehavior [ RunTime:0.000031s ]
INFO: [ template_filter ] --END-- [ RunTime:0.000097s ]
INFO: Run Behavior\ParseTemplateBehavior [ RunTime:0.003923s ]
INFO: [ view_parse ] --END-- [ RunTime:0.003968s ]
INFO: [ view_filter ] --START--
INFO: Run Behavior\WriteHtmlCacheBehavior [ RunTime:0.000146s ]
INFO: [ view_filter ] --END-- [ RunTime:0.000180s ]
INFO: [ app_end ] --START--
INFO: Run Behavior\ShowPageTraceBehavior [ RunTime:0.000425s ]
INFO: [ app_end ] --END-- [ RunTime:0.000465s ]

[ 2017-08-01T11:09:11+08:00 ] 223.81.192.208 /index.php/Mobile/Login/doLogin.html
INFO: [ app_init ] --START--
INFO: Run Behavior\BuildLiteBehavior [ RunTime:0.000012s ]
INFO: [ app_init ] --END-- [ RunTime:0.000259s ]
INFO: [ app_begin ] --START--
INFO: Run Behavior\ReadHtmlCacheBehavior [ RunTime:0.000341s ]
INFO: [ app_begin ] --END-- [ RunTime:0.000383s ]
INFO: [ action_begin ] --START--
INFO: Run Admin\Behaviors\OptionRecordBehavior [ RunTime:0.000282s ]
INFO: [ action_begin ] --END-- [ RunTime:0.000327s ]
SQL: SHOW COLUMNS FROM `admin_user` [ RunTime:0.0005s ]
SQL: SELECT * FROM `admin_user` WHERE `user_name` = 'admin' AND `password` = '4297f44b13955235245b2497399d7a93' AND `status` = 1 LIMIT 1   [ RunTime:0.0001s ]

[ 2017-08-01T11:09:11+08:00 ] 223.81.192.208 /index.php/Mobile/Index/index.html
INFO: [ app_init ] --START--
INFO: Run Behavior\BuildLiteBehavior [ RunTime:0.000011s ]
INFO: [ app_init ] --END-- [ RunTime:0.000234s ]
INFO: [ app_begin ] --START--
INFO: Run Behavior\ReadHtmlCacheBehavior [ RunTime:0.000327s ]
INFO: [ app_begin ] --END-- [ RunTime:0.000373s ]
INFO: [ action_begin ] --START--
INFO: Run Admin\Behaviors\OptionRecordBehavior [ RunTime:0.000270s ]
INFO: [ action_begin ] --END-- [ RunTime:0.000318s ]
SQL: SHOW COLUMNS FROM `member_work` [ RunTime:0.0004s ]
SQL: SELECT * FROM `member_work` WHERE `uid` = 15  [ RunTime:0.0001s ]
SQL: SHOW COLUMNS FROM `project` [ RunTime:0.0003s ]
SQL: SELECT `project_name` FROM `project` WHERE ( id=2 ) LIMIT 1   [ RunTime:0.0001s ]
SQL: SELECT `project_name` FROM `project` WHERE ( id=2 ) LIMIT 1   [ RunTime:0.0000s ]
SQL: SELECT `project_name` FROM `project` WHERE ( id=2 ) LIMIT 1   [ RunTime:0.0000s ]
SQL: SELECT `project_name` FROM `project` WHERE ( id=2 ) LIMIT 1   [ RunTime:0.0000s ]
SQL: SELECT `project_name` FROM `project` WHERE ( id=2 ) LIMIT 1   [ RunTime:0.0000s ]
SQL: SELECT `project_name` FROM `project` WHERE ( id=2 ) LIMIT 1   [ RunTime:0.0000s ]
INFO: [ view_parse ] --START--
INFO: [ template_filter ] --START--
INFO: Run Behavior\ContentReplaceBehavior [ RunTime:0.000029s ]
INFO: [ template_filter ] --END-- [ RunTime:0.000072s ]
INFO: Run Behavior\ParseTemplateBehavior [ RunTime:0.004024s ]
INFO: [ view_parse ] --END-- [ RunTime:0.004064s ]
INFO: [ view_filter ] --START--
INFO: Run Behavior\WriteHtmlCacheBehavior [ RunTime:0.000173s ]
INFO: [ view_filter ] --END-- [ RunTime:0.000209s ]
INFO: [ app_end ] --START--
INFO: Run Behavior\ShowPageTraceBehavior [ RunTime:0.000338s ]
INFO: [ app_end ] --END-- [ RunTime:0.000377s ]

[ 2017-08-01T11:09:15+08:00 ] 101.226.89.119 /index.php/mobile
INFO: [ app_init ] --START--
INFO: Run Behavior\BuildLiteBehavior [ RunTime:0.000012s ]
INFO: [ app_init ] --END-- [ RunTime:0.000266s ]
INFO: [ app_begin ] --START--
INFO: Run Behavior\ReadHtmlCacheBehavior [ RunTime:0.000314s ]
INFO: [ app_begin ] --END-- [ RunTime:0.000358s ]
INFO: [ action_begin ] --START--
INFO: Run Admin\Behaviors\OptionRecordBehavior [ RunTime:0.000301s ]
INFO: [ action_begin ] --END-- [ RunTime:0.000357s ]
SQL: SHOW COLUMNS FROM `member_work` [ RunTime:0.0005s ]
SQL: SELECT * FROM `member_work` WHERE `uid` = null  [ RunTime:0.0001s ]
INFO: [ view_parse ] --START--
INFO: [ template_filter ] --START--
INFO: Run Behavior\ContentReplaceBehavior [ RunTime:0.000029s ]
INFO: [ template_filter ] --END-- [ RunTime:0.000071s ]
INFO: Run Behavior\ParseTemplateBehavior [ RunTime:0.003931s ]
INFO: [ view_parse ] --END-- [ RunTime:0.003975s ]
INFO: [ view_filter ] --START--
INFO: Run Behavior\WriteHtmlCacheBehavior [ RunTime:0.000169s ]
INFO: [ view_filter ] --END-- [ RunTime:0.000203s ]
INFO: [ app_end ] --START--
INFO: Run Behavior\ShowPageTraceBehavior [ RunTime:0.000346s ]
INFO: [ app_end ] --END-- [ RunTime:0.000385s ]

[ 2017-08-01T11:09:29+08:00 ] 101.226.79.182 /index.php/Mobile/Index/index.html
INFO: [ app_init ] --START--
INFO: Run Behavior\BuildLiteBehavior [ RunTime:0.000012s ]
INFO: [ app_init ] --END-- [ RunTime:0.000268s ]
INFO: [ app_begin ] --START--
INFO: Run Behavior\ReadHtmlCacheBehavior [ RunTime:0.000377s ]
INFO: [ app_begin ] --END-- [ RunTime:0.000431s ]
INFO: [ action_begin ] --START--
INFO: Run Admin\Behaviors\OptionRecordBehavior [ RunTime:0.000347s ]
INFO: [ action_begin ] --END-- [ RunTime:0.000400s ]
SQL: SHOW COLUMNS FROM `member_work` [ RunTime:0.0005s ]
SQL: SELECT * FROM `member_work` WHERE `uid` = null  [ RunTime:0.0001s ]
INFO: [ view_parse ] --START--
INFO: [ template_filter ] --START--
INFO: Run Behavior\ContentReplaceBehavior [ RunTime:0.000029s ]
INFO: [ template_filter ] --END-- [ RunTime:0.000071s ]
INFO: Run Behavior\ParseTemplateBehavior [ RunTime:0.004002s ]
INFO: [ view_parse ] --END-- [ RunTime:0.004046s ]
INFO: [ view_filter ] --START--
INFO: Run Behavior\WriteHtmlCacheBehavior [ RunTime:0.000153s ]
INFO: [ view_filter ] --END-- [ RunTime:0.000187s ]
INFO: [ app_end ] --START--
INFO: Run Behavior\ShowPageTraceBehavior [ RunTime:0.000318s ]
INFO: [ app_end ] --END-- [ RunTime:0.000387s ]

[ 2017-08-01T11:09:54+08:00 ] 223.81.192.208 /index.php/Mobile/Index/addWork/id/1.html
INFO: [ app_init ] --START--
INFO: Run Behavior\BuildLiteBehavior [ RunTime:0.000012s ]
INFO: [ app_init ] --END-- [ RunTime:0.000264s ]
INFO: [ app_begin ] --START--
INFO: Run Behavior\ReadHtmlCacheBehavior [ RunTime:0.000308s ]
INFO: [ app_begin ] --END-- [ RunTime:0.000352s ]
INFO: [ action_begin ] --START--
INFO: Run Admin\Behaviors\OptionRecordBehavior [ RunTime:0.000274s ]
INFO: [ action_begin ] --END-- [ RunTime:0.000333s ]
SQL: SHOW COLUMNS FROM `project_member` [ RunTime:0.0005s ]
SQL: SELECT `pid`,`id` FROM `project_member` WHERE `eid` = 15  [ RunTime:0.0002s ]
SQL: SHOW COLUMNS FROM `project_member` [ RunTime:0.0003s ]
SQL: SELECT b.project_name FROM `project_member` INNER JOIN project as b on project_member.pid = b.id  WHERE ( project_member.id=2 ) LIMIT 1   [ RunTime:0.0002s ]
INFO: [ view_parse ] --START--
INFO: [ template_filter ] --START--
INFO: Run Behavior\ContentReplaceBehavior [ RunTime:0.000029s ]
INFO: [ template_filter ] --END-- [ RunTime:0.000081s ]
INFO: Run Behavior\ParseTemplateBehavior [ RunTime:0.003750s ]
INFO: [ view_parse ] --END-- [ RunTime:0.003790s ]
INFO: [ view_filter ] --START--
INFO: Run Behavior\WriteHtmlCacheBehavior [ RunTime:0.000171s ]
INFO: [ view_filter ] --END-- [ RunTime:0.000206s ]
INFO: [ app_end ] --START--
INFO: Run Behavior\ShowPageTraceBehavior [ RunTime:0.000328s ]
INFO: [ app_end ] --END-- [ RunTime:0.000367s ]

[ 2017-08-01T11:21:47+08:00 ] 101.226.33.221 /index.php/mobile/login/login
INFO: [ app_init ] --START--
INFO: Run Behavior\BuildLiteBehavior [ RunTime:0.000013s ]
INFO: [ app_init ] --END-- [ RunTime:0.000246s ]
INFO: [ app_begin ] --START--
INFO: Run Behavior\ReadHtmlCacheBehavior [ RunTime:0.000316s ]
INFO: [ app_begin ] --END-- [ RunTime:0.000362s ]
INFO: [ action_begin ] --START--
INFO: Run Admin\Behaviors\OptionRecordBehavior [ RunTime:0.000310s ]
INFO: [ action_begin ] --END-- [ RunTime:0.000359s ]
INFO: [ view_parse ] --START--
INFO: [ template_filter ] --START--
INFO: Run Behavior\ContentReplaceBehavior [ RunTime:0.000035s ]
INFO: [ template_filter ] --END-- [ RunTime:0.000087s ]
INFO: Run Behavior\ParseTemplateBehavior [ RunTime:0.003630s ]
INFO: [ view_parse ] --END-- [ RunTime:0.003670s ]
INFO: [ view_filter ] --START--
INFO: Run Behavior\WriteHtmlCacheBehavior [ RunTime:0.000149s ]
INFO: [ view_filter ] --END-- [ RunTime:0.000186s ]
INFO: [ app_end ] --START--
INFO: Run Behavior\ShowPageTraceBehavior [ RunTime:0.000330s ]
INFO: [ app_end ] --END-- [ RunTime:0.000368s ]

[ 2017-08-01T13:26:34+08:00 ] 223.81.192.208 /index.php/mobile
INFO: [ app_init ] --START--
INFO: Run Behavior\BuildLiteBehavior [ RunTime:0.000012s ]
INFO: [ app_init ] --END-- [ RunTime:0.000237s ]
INFO: [ app_begin ] --START--
INFO: Run Behavior\ReadHtmlCacheBehavior [ RunTime:0.000333s ]
INFO: [ app_begin ] --END-- [ RunTime:0.000378s ]
INFO: [ action_begin ] --START--
INFO: Run Admin\Behaviors\OptionRecordBehavior [ RunTime:0.000291s ]
INFO: [ action_begin ] --END-- [ RunTime:0.000340s ]
SQL: SHOW COLUMNS FROM `member_work` [ RunTime:0.0004s ]
SQL: SELECT * FROM `member_work` WHERE `uid` = null  [ RunTime:0.0001s ]
INFO: [ view_parse ] --START--
INFO: [ template_filter ] --START--
INFO: Run Behavior\ContentReplaceBehavior [ RunTime:0.000029s ]
INFO: [ template_filter ] --END-- [ RunTime:0.000073s ]
INFO: Run Behavior\ParseTemplateBehavior [ RunTime:0.003896s ]
INFO: [ view_parse ] --END-- [ RunTime:0.003939s ]
INFO: [ view_filter ] --START--
INFO: Run Behavior\WriteHtmlCacheBehavior [ RunTime:0.000143s ]
INFO: [ view_filter ] --END-- [ RunTime:0.000176s ]
INFO: [ app_end ] --START--
INFO: Run Behavior\ShowPageTraceBehavior [ RunTime:0.000315s ]
INFO: [ app_end ] --END-- [ RunTime:0.000353s ]

[ 2017-08-01T13:30:14+08:00 ] 223.81.192.208 /index.php/mobile
INFO: [ app_init ] --START--
INFO: Run Behavior\BuildLiteBehavior [ RunTime:0.000019s ]
INFO: [ app_init ] --END-- [ RunTime:0.000441s ]
INFO: [ app_begin ] --START--
INFO: Run Behavior\ReadHtmlCacheBehavior [ RunTime:0.000678s ]
INFO: [ app_begin ] --END-- [ RunTime:0.000750s ]
INFO: [ action_begin ] --START--
INFO: Run Admin\Behaviors\OptionRecordBehavior [ RunTime:0.000511s ]
INFO: [ action_begin ] --END-- [ RunTime:0.000590s ]
SQL: SHOW COLUMNS FROM `member_work` [ RunTime:0.0006s ]
SQL: SELECT * FROM `member_work` WHERE `uid` = null  [ RunTime:0.0001s ]
INFO: [ view_parse ] --START--
INFO: [ template_filter ] --START--
INFO: Run Behavior\ContentReplaceBehavior [ RunTime:0.000050s ]
INFO: [ template_filter ] --END-- [ RunTime:0.000148s ]
INFO: Run Behavior\ParseTemplateBehavior [ RunTime:0.006874s ]
INFO: [ view_parse ] --END-- [ RunTime:0.006946s ]
INFO: [ view_filter ] --START--
INFO: Run Behavior\WriteHtmlCacheBehavior [ RunTime:0.000270s ]
INFO: [ view_filter ] --END-- [ RunTime:0.000329s ]
INFO: [ app_end ] --START--
INFO: Run Behavior\ShowPageTraceBehavior [ RunTime:0.000551s ]
INFO: [ app_end ] --END-- [ RunTime:0.000620s ]

[ 2017-08-01T13:30:14+08:00 ] 223.81.192.208 /index.php/mobile
INFO: [ app_init ] --START--
INFO: Run Behavior\BuildLiteBehavior [ RunTime:0.000018s ]
INFO: [ app_init ] --END-- [ RunTime:0.000400s ]
INFO: [ app_begin ] --START--
INFO: Run Behavior\ReadHtmlCacheBehavior [ RunTime:0.000566s ]
INFO: [ app_begin ] --END-- [ RunTime:0.000638s ]
INFO: [ action_begin ] --START--
INFO: Run Admin\Behaviors\OptionRecordBehavior [ RunTime:0.000490s ]
INFO: [ action_begin ] --END-- [ RunTime:0.000566s ]
SQL: SHOW COLUMNS FROM `member_work` [ RunTime:0.0006s ]
SQL: SELECT * FROM `member_work` WHERE `uid` = null  [ RunTime:0.0001s ]
INFO: [ view_parse ] --START--
INFO: [ template_filter ] --START--
INFO: Run Behavior\ContentReplaceBehavior [ RunTime:0.000051s ]
INFO: [ template_filter ] --END-- [ RunTime:0.000122s ]
INFO: Run Behavior\ParseTemplateBehavior [ RunTime:0.007026s ]
INFO: [ view_parse ] --END-- [ RunTime:0.007096s ]
INFO: [ view_filter ] --START--
INFO: Run Behavior\WriteHtmlCacheBehavior [ RunTime:0.000236s ]
INFO: [ view_filter ] --END-- [ RunTime:0.000295s ]
INFO: [ app_end ] --START--
INFO: Run Behavior\ShowPageTraceBehavior [ RunTime:0.000562s ]
INFO: [ app_end ] --END-- [ RunTime:0.000630s ]

[ 2017-08-01T13:30:15+08:00 ] 223.81.192.208 /index.php/mobile
INFO: [ app_init ] --START--
INFO: Run Behavior\BuildLiteBehavior [ RunTime:0.000018s ]
INFO: [ app_init ] --END-- [ RunTime:0.000408s ]
INFO: [ app_begin ] --START--
INFO: Run Behavior\ReadHtmlCacheBehavior [ RunTime:0.000563s ]
INFO: [ app_begin ] --END-- [ RunTime:0.000636s ]
INFO: [ action_begin ] --START--
INFO: Run Admin\Behaviors\OptionRecordBehavior [ RunTime:0.000489s ]
INFO: [ action_begin ] --END-- [ RunTime:0.000567s ]
SQL: SHOW COLUMNS FROM `member_work` [ RunTime:0.0007s ]
SQL: SELECT * FROM `member_work` WHERE `uid` = null  [ RunTime:0.0001s ]
INFO: [ view_parse ] --START--
INFO: [ template_filter ] --START--
INFO: Run Behavior\ContentReplaceBehavior [ RunTime:0.000048s ]
INFO: [ template_filter ] --END-- [ RunTime:0.000118s ]
INFO: Run Behavior\ParseTemplateBehavior [ RunTime:0.006859s ]
INFO: [ view_parse ] --END-- [ RunTime:0.006930s ]
INFO: [ view_filter ] --START--
INFO: Run Behavior\WriteHtmlCacheBehavior [ RunTime:0.000236s ]
INFO: [ view_filter ] --END-- [ RunTime:0.000295s ]
INFO: [ app_end ] --START--
INFO: Run Behavior\ShowPageTraceBehavior [ RunTime:0.000569s ]
INFO: [ app_end ] --END-- [ RunTime:0.000669s ]

[ 2017-08-01T13:30:33+08:00 ] 223.81.192.208 /index.php/mobile
INFO: [ app_init ] --START--
INFO: Run Behavior\BuildLiteBehavior [ RunTime:0.000012s ]
INFO: [ app_init ] --END-- [ RunTime:0.000239s ]
INFO: [ app_begin ] --START--
INFO: Run Behavior\ReadHtmlCacheBehavior [ RunTime:0.000313s ]
INFO: [ app_begin ] --END-- [ RunTime:0.000358s ]
INFO: [ action_begin ] --START--
INFO: Run Admin\Behaviors\OptionRecordBehavior [ RunTime:0.000279s ]
INFO: [ action_begin ] --END-- [ RunTime:0.000329s ]
SQL: SHOW COLUMNS FROM `member_work` [ RunTime:0.0005s ]
SQL: SELECT * FROM `member_work` WHERE `uid` = null  [ RunTime:0.0001s ]
INFO: [ view_parse ] --START--
INFO: [ template_filter ] --START--
INFO: Run Behavior\ContentReplaceBehavior [ RunTime:0.000031s ]
INFO: [ template_filter ] --END-- [ RunTime:0.000075s ]
INFO: Run Behavior\ParseTemplateBehavior [ RunTime:0.003925s ]
INFO: [ view_parse ] --END-- [ RunTime:0.003968s ]
INFO: [ view_filter ] --START--
INFO: Run Behavior\WriteHtmlCacheBehavior [ RunTime:0.000189s ]
INFO: [ view_filter ] --END-- [ RunTime:0.000223s ]
INFO: [ app_end ] --START--
INFO: Run Behavior\ShowPageTraceBehavior [ RunTime:0.000332s ]
INFO: [ app_end ] --END-- [ RunTime:0.000372s ]

[ 2017-08-01T13:30:55+08:00 ] 223.81.192.208 /index.php/mobile
INFO: [ app_init ] --START--
INFO: Run Behavior\BuildLiteBehavior [ RunTime:0.000012s ]
INFO: [ app_init ] --END-- [ RunTime:0.000238s ]
INFO: [ app_begin ] --START--
INFO: Run Behavior\ReadHtmlCacheBehavior [ RunTime:0.000326s ]
INFO: [ app_begin ] --END-- [ RunTime:0.000369s ]
INFO: [ action_begin ] --START--
INFO: Run Admin\Behaviors\OptionRecordBehavior [ RunTime:0.000289s ]
INFO: [ action_begin ] --END-- [ RunTime:0.000338s ]
SQL: SHOW COLUMNS FROM `member_work` [ RunTime:0.0005s ]
SQL: SELECT * FROM `member_work` WHERE `uid` = null  [ RunTime:0.0001s ]
INFO: [ view_parse ] --START--
INFO: [ template_filter ] --START--
INFO: Run Behavior\ContentReplaceBehavior [ RunTime:0.000030s ]
INFO: [ template_filter ] --END-- [ RunTime:0.000072s ]
INFO: Run Behavior\ParseTemplateBehavior [ RunTime:0.003909s ]
INFO: [ view_parse ] --END-- [ RunTime:0.003952s ]
INFO: [ view_filter ] --START--
INFO: Run Behavior\WriteHtmlCacheBehavior [ RunTime:0.000146s ]
INFO: [ view_filter ] --END-- [ RunTime:0.000188s ]
INFO: [ app_end ] --START--
INFO: Run Behavior\ShowPageTraceBehavior [ RunTime:0.000385s ]
INFO: [ app_end ] --END-- [ RunTime:0.000423s ]

[ 2017-08-01T13:31:07+08:00 ] 223.81.192.208 /index.php/mobile
INFO: [ app_init ] --START--
INFO: Run Behavior\BuildLiteBehavior [ RunTime:0.000012s ]
INFO: [ app_init ] --END-- [ RunTime:0.000237s ]
INFO: [ app_begin ] --START--
INFO: Run Behavior\ReadHtmlCacheBehavior [ RunTime:0.000368s ]
INFO: [ app_begin ] --END-- [ RunTime:0.000413s ]
INFO: [ action_begin ] --START--
INFO: Run Admin\Behaviors\OptionRecordBehavior [ RunTime:0.000337s ]
INFO: [ action_begin ] --END-- [ RunTime:0.000387s ]
SQL: SHOW COLUMNS FROM `member_work` [ RunTime:0.0005s ]
SQL: SELECT * FROM `member_work` WHERE `uid` = null  [ RunTime:0.0001s ]
INFO: [ view_parse ] --START--
INFO: [ template_filter ] --START--
INFO: Run Behavior\ContentReplaceBehavior [ RunTime:0.000030s ]
INFO: [ template_filter ] --END-- [ RunTime:0.000074s ]
INFO: Run Behavior\ParseTemplateBehavior [ RunTime:0.007657s ]
INFO: [ view_parse ] --END-- [ RunTime:0.007705s ]
INFO: [ view_filter ] --START--
INFO: Run Behavior\WriteHtmlCacheBehavior [ RunTime:0.000151s ]
INFO: [ view_filter ] --END-- [ RunTime:0.000186s ]
INFO: [ app_end ] --START--
INFO: Run Behavior\ShowPageTraceBehavior [ RunTime:0.000340s ]
INFO: [ app_end ] --END-- [ RunTime:0.000380s ]

[ 2017-08-01T16:29:09+08:00 ] 223.81.192.208 /index.php/Mobile/Index/index.html
INFO: [ app_init ] --START--
INFO: Run Behavior\BuildLiteBehavior [ RunTime:0.000013s ]
INFO: [ app_init ] --END-- [ RunTime:0.000240s ]
INFO: [ app_begin ] --START--
INFO: Run Behavior\ReadHtmlCacheBehavior [ RunTime:0.000367s ]
INFO: [ app_begin ] --END-- [ RunTime:0.000412s ]
INFO: [ action_begin ] --START--
INFO: Run Admin\Behaviors\OptionRecordBehavior [ RunTime:0.000274s ]
INFO: [ action_begin ] --END-- [ RunTime:0.000324s ]
SQL: SHOW COLUMNS FROM `member_work` [ RunTime:0.0005s ]
SQL: SELECT * FROM `member_work` WHERE `uid` = 15  [ RunTime:0.0001s ]
SQL: SHOW COLUMNS FROM `project` [ RunTime:0.0003s ]
SQL: SELECT `project_name` FROM `project` WHERE ( id=2 ) LIMIT 1   [ RunTime:0.0000s ]
SQL: SELECT `project_name` FROM `project` WHERE ( id=2 ) LIMIT 1   [ RunTime:0.0001s ]
SQL: SELECT `project_name` FROM `project` WHERE ( id=2 ) LIMIT 1   [ RunTime:0.0000s ]
SQL: SELECT `project_name` FROM `project` WHERE ( id=2 ) LIMIT 1   [ RunTime:0.0000s ]
SQL: SELECT `project_name` FROM `project` WHERE ( id=2 ) LIMIT 1   [ RunTime:0.0000s ]
SQL: SELECT `project_name` FROM `project` WHERE ( id=2 ) LIMIT 1   [ RunTime:0.0000s ]
INFO: [ view_parse ] --START--
INFO: [ template_filter ] --START--
INFO: Run Behavior\ContentReplaceBehavior [ RunTime:0.000034s ]
INFO: [ template_filter ] --END-- [ RunTime:0.000087s ]
INFO: Run Behavior\ParseTemplateBehavior [ RunTime:0.004274s ]
INFO: [ view_parse ] --END-- [ RunTime:0.004325s ]
INFO: [ view_filter ] --START--
INFO: Run Behavior\WriteHtmlCacheBehavior [ RunTime:0.000156s ]
INFO: [ view_filter ] --END-- [ RunTime:0.000195s ]
INFO: [ app_end ] --START--
INFO: Run Behavior\ShowPageTraceBehavior [ RunTime:0.000321s ]
INFO: [ app_end ] --END-- [ RunTime:0.000382s ]

[ 2017-08-01T16:29:12+08:00 ] 223.81.192.208 /index.php/mobile/login/login
INFO: [ app_init ] --START--
INFO: Run Behavior\BuildLiteBehavior [ RunTime:0.000013s ]
INFO: [ app_init ] --END-- [ RunTime:0.000247s ]
INFO: [ app_begin ] --START--
INFO: Run Behavior\ReadHtmlCacheBehavior [ RunTime:0.000358s ]
INFO: [ app_begin ] --END-- [ RunTime:0.000404s ]
INFO: [ action_begin ] --START--
INFO: Run Admin\Behaviors\OptionRecordBehavior [ RunTime:0.000281s ]
INFO: [ action_begin ] --END-- [ RunTime:0.000330s ]
INFO: [ view_parse ] --START--
INFO: [ template_filter ] --START--
INFO: Run Behavior\ContentReplaceBehavior [ RunTime:0.000033s ]
INFO: [ template_filter ] --END-- [ RunTime:0.000079s ]
INFO: Run Behavior\ParseTemplateBehavior [ RunTime:0.003702s ]
INFO: [ view_parse ] --END-- [ RunTime:0.003745s ]
INFO: [ view_filter ] --START--
INFO: Run Behavior\WriteHtmlCacheBehavior [ RunTime:0.000184s ]
INFO: [ view_filter ] --END-- [ RunTime:0.000220s ]
INFO: [ app_end ] --START--
INFO: Run Behavior\ShowPageTraceBehavior [ RunTime:0.000323s ]
INFO: [ app_end ] --END-- [ RunTime:0.000363s ]

[ 2017-08-01T16:29:12+08:00 ] 223.81.192.208 /index.php/Mobile/Login/verify.html
INFO: [ app_init ] --START--
INFO: Run Behavior\BuildLiteBehavior [ RunTime:0.000013s ]
INFO: [ app_init ] --END-- [ RunTime:0.000283s ]
INFO: [ app_begin ] --START--
INFO: Run Behavior\ReadHtmlCacheBehavior [ RunTime:0.000316s ]
INFO: [ app_begin ] --END-- [ RunTime:0.000361s ]
INFO: [ action_begin ] --START--
INFO: Run Admin\Behaviors\OptionRecordBehavior [ RunTime:0.000285s ]
INFO: [ action_begin ] --END-- [ RunTime:0.000333s ]
INFO: [ app_end ] --START--
INFO: Run Behavior\ShowPageTraceBehavior [ RunTime:0.000368s ]
INFO: [ app_end ] --END-- [ RunTime:0.000419s ]

[ 2017-08-01T16:29:23+08:00 ] 223.81.192.208 /index.php/Mobile/Login/doLogin.html
INFO: [ app_init ] --START--
INFO: Run Behavior\BuildLiteBehavior [ RunTime:0.000012s ]
INFO: [ app_init ] --END-- [ RunTime:0.000246s ]
INFO: [ app_begin ] --START--
INFO: Run Behavior\ReadHtmlCacheBehavior [ RunTime:0.000309s ]
INFO: [ app_begin ] --END-- [ RunTime:0.000352s ]
INFO: [ action_begin ] --START--
INFO: Run Admin\Behaviors\OptionRecordBehavior [ RunTime:0.000280s ]
INFO: [ action_begin ] --END-- [ RunTime:0.000324s ]
SQL: SHOW COLUMNS FROM `admin_user` [ RunTime:0.0005s ]
SQL: SELECT * FROM `admin_user` WHERE `user_name` = 'admin' AND `password` = '4297f44b13955235245b2497399d7a93' AND `status` = 1 LIMIT 1   [ RunTime:0.0002s ]

[ 2017-08-01T16:29:23+08:00 ] 223.81.192.208 /index.php/Mobile/Index/index.html
INFO: [ app_init ] --START--
INFO: Run Behavior\BuildLiteBehavior [ RunTime:0.000013s ]
INFO: [ app_init ] --END-- [ RunTime:0.000237s ]
INFO: [ app_begin ] --START--
INFO: Run Behavior\ReadHtmlCacheBehavior [ RunTime:0.000378s ]
INFO: [ app_begin ] --END-- [ RunTime:0.000422s ]
INFO: [ action_begin ] --START--
INFO: Run Admin\Behaviors\OptionRecordBehavior [ RunTime:0.000276s ]
INFO: [ action_begin ] --END-- [ RunTime:0.000323s ]
SQL: SHOW COLUMNS FROM `member_work` [ RunTime:0.0005s ]
SQL: SELECT * FROM `member_work` WHERE `uid` = 15  [ RunTime:0.0001s ]
SQL: SHOW COLUMNS FROM `project` [ RunTime:0.0003s ]
SQL: SELECT `project_name` FROM `project` WHERE ( id=2 ) LIMIT 1   [ RunTime:0.0000s ]
SQL: SELECT `project_name` FROM `project` WHERE ( id=2 ) LIMIT 1   [ RunTime:0.0000s ]
SQL: SELECT `project_name` FROM `project` WHERE ( id=2 ) LIMIT 1   [ RunTime:0.0000s ]
SQL: SELECT `project_name` FROM `project` WHERE ( id=2 ) LIMIT 1   [ RunTime:0.0000s ]
SQL: SELECT `project_name` FROM `project` WHERE ( id=2 ) LIMIT 1   [ RunTime:0.0000s ]
SQL: SELECT `project_name` FROM `project` WHERE ( id=2 ) LIMIT 1   [ RunTime:0.0001s ]
INFO: [ view_parse ] --START--
INFO: [ template_filter ] --START--
INFO: Run Behavior\ContentReplaceBehavior [ RunTime:0.000032s ]
INFO: [ template_filter ] --END-- [ RunTime:0.000073s ]
INFO: Run Behavior\ParseTemplateBehavior [ RunTime:0.004078s ]
INFO: [ view_parse ] --END-- [ RunTime:0.004119s ]
INFO: [ view_filter ] --START--
INFO: Run Behavior\WriteHtmlCacheBehavior [ RunTime:0.000155s ]
INFO: [ view_filter ] --END-- [ RunTime:0.000191s ]
INFO: [ app_end ] --START--
INFO: Run Behavior\ShowPageTraceBehavior [ RunTime:0.000336s ]
INFO: [ app_end ] --END-- [ RunTime:0.000375s ]

