[ 2017-08-02T15:27:32+08:00 ] 223.81.192.208 /index.php/mobile/Index/index.html
INFO: [ app_init ] --START--
INFO: Run Behavior\BuildLiteBehavior [ RunTime:0.000013s ]
INFO: [ app_init ] --END-- [ RunTime:0.000257s ]
INFO: [ app_begin ] --START--
INFO: Run Behavior\ReadHtmlCacheBehavior [ RunTime:0.000341s ]
INFO: [ app_begin ] --END-- [ RunTime:0.000414s ]
INFO: [ action_begin ] --START--
INFO: Run Admin\Behaviors\OptionRecordBehavior [ RunTime:0.000291s ]
INFO: [ action_begin ] --END-- [ RunTime:0.000342s ]
SQL: SHOW COLUMNS FROM `member_work` [ RunTime:0.0005s ]
SQL: SELECT * FROM `member_work` WHERE `uid` = 15  [ RunTime:0.0001s ]
SQL: SHOW COLUMNS FROM `project` [ RunTime:0.0003s ]
SQL: SELECT `project_name` FROM `project` WHERE ( id=2 ) LIMIT 1   [ RunTime:0.0001s ]
SQL: SELECT `project_name` FROM `project` WHERE ( id=2 ) LIMIT 1   [ RunTime:0.0000s ]
SQL: SELECT `project_name` FROM `project` WHERE ( id=2 ) LIMIT 1   [ RunTime:0.0000s ]
SQL: SELECT `project_name` FROM `project` WHERE ( id=2 ) LIMIT 1   [ RunTime:0.0000s ]
SQL: SELECT `project_name` FROM `project` WHERE ( id=2 ) LIMIT 1   [ RunTime:0.0000s ]
SQL: SELECT `project_name` FROM `project` WHERE ( id=2 ) LIMIT 1   [ RunTime:0.0000s ]
INFO: [ view_parse ] --START--
INFO: [ template_filter ] --START--
INFO: Run Behavior\ContentReplaceBehavior [ RunTime:0.000041s ]
INFO: [ template_filter ] --END-- [ RunTime:0.000105s ]
INFO: Run Behavior\ParseTemplateBehavior [ RunTime:0.004630s ]
INFO: [ view_parse ] --END-- [ RunTime:0.004677s ]
INFO: [ view_filter ] --START--
INFO: Run Behavior\WriteHtmlCacheBehavior [ RunTime:0.000182s ]
INFO: [ view_filter ] --END-- [ RunTime:0.000221s ]
INFO: [ app_end ] --START--
INFO: Run Behavior\ShowPageTraceBehavior [ RunTime:0.000340s ]
INFO: [ app_end ] --END-- [ RunTime:0.000380s ]

[ 2017-08-02T15:27:49+08:00 ] 223.81.192.208 /index.php/mobile/Index/index.html
INFO: [ app_init ] --START--
INFO: Run Behavior\BuildLiteBehavior [ RunTime:0.000013s ]
INFO: [ app_init ] --END-- [ RunTime:0.000276s ]
INFO: [ app_begin ] --START--
INFO: Run Behavior\ReadHtmlCacheBehavior [ RunTime:0.000377s ]
INFO: [ app_begin ] --END-- [ RunTime:0.000432s ]
INFO: [ action_begin ] --START--
INFO: Run Admin\Behaviors\OptionRecordBehavior [ RunTime:0.000326s ]
INFO: [ action_begin ] --END-- [ RunTime:0.000374s ]
SQL: SHOW COLUMNS FROM `member_work` [ RunTime:0.0004s ]
SQL: SELECT * FROM `member_work` WHERE `uid` = null  [ RunTime:0.0001s ]
INFO: [ view_parse ] --START--
INFO: [ template_filter ] --START--
INFO: Run Behavior\ContentReplaceBehavior [ RunTime:0.000029s ]
INFO: [ template_filter ] --END-- [ RunTime:0.000079s ]
INFO: Run Behavior\ParseTemplateBehavior [ RunTime:0.004047s ]
INFO: [ view_parse ] --END-- [ RunTime:0.004091s ]
INFO: [ view_filter ] --START--
INFO: Run Behavior\WriteHtmlCacheBehavior [ RunTime:0.000146s ]
INFO: [ view_filter ] --END-- [ RunTime:0.000181s ]
INFO: [ app_end ] --START--
INFO: Run Behavior\ShowPageTraceBehavior [ RunTime:0.000351s ]
INFO: [ app_end ] --END-- [ RunTime:0.000424s ]

[ 2017-08-02T15:30:02+08:00 ] 101.226.33.228 /index.php/mobile/Index/index.html
INFO: [ app_init ] --START--
INFO: Run Behavior\BuildLiteBehavior [ RunTime:0.000013s ]
INFO: [ app_init ] --END-- [ RunTime:0.000273s ]
INFO: [ app_begin ] --START--
INFO: Run Behavior\ReadHtmlCacheBehavior [ RunTime:0.000313s ]
INFO: [ app_begin ] --END-- [ RunTime:0.000357s ]
INFO: [ action_begin ] --START--
INFO: Run Admin\Behaviors\OptionRecordBehavior [ RunTime:0.000276s ]
INFO: [ action_begin ] --END-- [ RunTime:0.000323s ]
SQL: SHOW COLUMNS FROM `member_work` [ RunTime:0.0004s ]
SQL: SELECT * FROM `member_work` WHERE `uid` = null  [ RunTime:0.0001s ]
INFO: [ view_parse ] --START--
INFO: [ template_filter ] --START--
INFO: Run Behavior\ContentReplaceBehavior [ RunTime:0.000030s ]
INFO: [ template_filter ] --END-- [ RunTime:0.000072s ]
INFO: Run Behavior\ParseTemplateBehavior [ RunTime:0.003839s ]
INFO: [ view_parse ] --END-- [ RunTime:0.003891s ]
INFO: [ view_filter ] --START--
INFO: Run Behavior\WriteHtmlCacheBehavior [ RunTime:0.000146s ]
INFO: [ view_filter ] --END-- [ RunTime:0.000179s ]
INFO: [ app_end ] --START--
INFO: Run Behavior\ShowPageTraceBehavior [ RunTime:0.000354s ]
INFO: [ app_end ] --END-- [ RunTime:0.000392s ]

[ 2017-08-02T15:52:11+08:00 ] 223.81.192.208 /index.php/mobile/Login/login.html
INFO: [ app_init ] --START--
INFO: Run Behavior\BuildLiteBehavior [ RunTime:0.000012s ]
INFO: [ app_init ] --END-- [ RunTime:0.000248s ]
INFO: [ app_begin ] --START--
INFO: Run Behavior\ReadHtmlCacheBehavior [ RunTime:0.000327s ]
INFO: [ app_begin ] --END-- [ RunTime:0.000381s ]
INFO: [ action_begin ] --START--
INFO: Run Admin\Behaviors\OptionRecordBehavior [ RunTime:0.000281s ]
INFO: [ action_begin ] --END-- [ RunTime:0.000328s ]
INFO: [ view_parse ] --START--
INFO: [ template_filter ] --START--
INFO: Run Behavior\ContentReplaceBehavior [ RunTime:0.000034s ]
INFO: [ template_filter ] --END-- [ RunTime:0.000086s ]
INFO: Run Behavior\ParseTemplateBehavior [ RunTime:0.003682s ]
INFO: [ view_parse ] --END-- [ RunTime:0.003723s ]
INFO: [ view_filter ] --START--
INFO: Run Behavior\WriteHtmlCacheBehavior [ RunTime:0.000144s ]
INFO: [ view_filter ] --END-- [ RunTime:0.000178s ]
INFO: [ app_end ] --START--
INFO: Run Behavior\ShowPageTraceBehavior [ RunTime:0.000334s ]
INFO: [ app_end ] --END-- [ RunTime:0.000372s ]

[ 2017-08-02T15:52:11+08:00 ] 223.81.192.208 /index.php/Mobile/Login/verify.html
INFO: [ app_init ] --START--
INFO: Run Behavior\BuildLiteBehavior [ RunTime:0.000013s ]
INFO: [ app_init ] --END-- [ RunTime:0.000267s ]
INFO: [ app_begin ] --START--
INFO: Run Behavior\ReadHtmlCacheBehavior [ RunTime:0.000328s ]
INFO: [ app_begin ] --END-- [ RunTime:0.000374s ]
INFO: [ action_begin ] --START--
INFO: Run Admin\Behaviors\OptionRecordBehavior [ RunTime:0.000280s ]
INFO: [ action_begin ] --END-- [ RunTime:0.000327s ]
INFO: [ app_end ] --START--
INFO: Run Behavior\ShowPageTraceBehavior [ RunTime:0.000347s ]
INFO: [ app_end ] --END-- [ RunTime:0.000399s ]

[ 2017-08-02T15:52:18+08:00 ] 223.81.192.208 /index.php/Mobile/Login/doLogin.html
INFO: [ app_init ] --START--
INFO: Run Behavior\BuildLiteBehavior [ RunTime:0.000013s ]
INFO: [ app_init ] --END-- [ RunTime:0.000266s ]
INFO: [ app_begin ] --START--
INFO: Run Behavior\ReadHtmlCacheBehavior [ RunTime:0.000323s ]
INFO: [ app_begin ] --END-- [ RunTime:0.000364s ]
INFO: [ action_begin ] --START--
INFO: Run Admin\Behaviors\OptionRecordBehavior [ RunTime:0.000282s ]
INFO: [ action_begin ] --END-- [ RunTime:0.000326s ]
SQL: SHOW COLUMNS FROM `admin_user` [ RunTime:0.0005s ]
SQL: SELECT * FROM `admin_user` WHERE `user_name` = 'admin' AND `password` = '4297f44b13955235245b2497399d7a93' AND `status` = 1 LIMIT 1   [ RunTime:0.0002s ]
SQL: UPDATE `admin_user` SET `lastlogin_time`='1501660338' WHERE `id` = 15 [ RunTime:0.0048s ]

[ 2017-08-02T15:52:18+08:00 ] 223.81.192.208 /index.php/Mobile/Index/index.html
INFO: [ app_init ] --START--
INFO: Run Behavior\BuildLiteBehavior [ RunTime:0.000012s ]
INFO: [ app_init ] --END-- [ RunTime:0.000233s ]
INFO: [ app_begin ] --START--
INFO: Run Behavior\ReadHtmlCacheBehavior [ RunTime:0.000320s ]
INFO: [ app_begin ] --END-- [ RunTime:0.000387s ]
INFO: [ action_begin ] --START--
INFO: Run Admin\Behaviors\OptionRecordBehavior [ RunTime:0.000278s ]
INFO: [ action_begin ] --END-- [ RunTime:0.000325s ]
SQL: SHOW COLUMNS FROM `member_work` [ RunTime:0.0004s ]
SQL: SELECT * FROM `member_work` WHERE `uid` = 15  [ RunTime:0.0001s ]
SQL: SHOW COLUMNS FROM `project` [ RunTime:0.0003s ]
SQL: SELECT `project_name` FROM `project` WHERE ( id=2 ) LIMIT 1   [ RunTime:0.0000s ]
SQL: SELECT `project_name` FROM `project` WHERE ( id=2 ) LIMIT 1   [ RunTime:0.0000s ]
SQL: SELECT `project_name` FROM `project` WHERE ( id=2 ) LIMIT 1   [ RunTime:0.0000s ]
SQL: SELECT `project_name` FROM `project` WHERE ( id=2 ) LIMIT 1   [ RunTime:0.0000s ]
SQL: SELECT `project_name` FROM `project` WHERE ( id=2 ) LIMIT 1   [ RunTime:0.0000s ]
SQL: SELECT `project_name` FROM `project` WHERE ( id=2 ) LIMIT 1   [ RunTime:0.0000s ]
INFO: [ view_parse ] --START--
INFO: [ template_filter ] --START--
INFO: Run Behavior\ContentReplaceBehavior [ RunTime:0.000029s ]
INFO: [ template_filter ] --END-- [ RunTime:0.000072s ]
INFO: Run Behavior\ParseTemplateBehavior [ RunTime:0.004053s ]
INFO: [ view_parse ] --END-- [ RunTime:0.004093s ]
INFO: [ view_filter ] --START--
INFO: Run Behavior\WriteHtmlCacheBehavior [ RunTime:0.000173s ]
INFO: [ view_filter ] --END-- [ RunTime:0.000212s ]
INFO: [ app_end ] --START--
INFO: Run Behavior\ShowPageTraceBehavior [ RunTime:0.000318s ]
INFO: [ app_end ] --END-- [ RunTime:0.000357s ]

[ 2017-08-02T15:52:23+08:00 ] 223.81.192.208 /index.php/mobile/Index/index.html
INFO: [ app_init ] --START--
INFO: Run Behavior\BuildLiteBehavior [ RunTime:0.000012s ]
INFO: [ app_init ] --END-- [ RunTime:0.000265s ]
INFO: [ app_begin ] --START--
INFO: Run Behavior\ReadHtmlCacheBehavior [ RunTime:0.000326s ]
INFO: [ app_begin ] --END-- [ RunTime:0.000371s ]
INFO: [ action_begin ] --START--
INFO: Run Admin\Behaviors\OptionRecordBehavior [ RunTime:0.000289s ]
INFO: [ action_begin ] --END-- [ RunTime:0.000337s ]

[ 2017-08-02T15:52:23+08:00 ] 223.81.192.208 /index.php/Mobile/Login/login.html
INFO: [ app_init ] --START--
INFO: Run Behavior\BuildLiteBehavior [ RunTime:0.000012s ]
INFO: [ app_init ] --END-- [ RunTime:0.000263s ]
INFO: [ app_begin ] --START--
INFO: Run Behavior\ReadHtmlCacheBehavior [ RunTime:0.000333s ]
INFO: [ app_begin ] --END-- [ RunTime:0.000378s ]
INFO: [ action_begin ] --START--
INFO: Run Admin\Behaviors\OptionRecordBehavior [ RunTime:0.000282s ]
INFO: [ action_begin ] --END-- [ RunTime:0.000331s ]
INFO: [ view_parse ] --START--
INFO: [ template_filter ] --START--
INFO: Run Behavior\ContentReplaceBehavior [ RunTime:0.000035s ]
INFO: [ template_filter ] --END-- [ RunTime:0.000080s ]
INFO: Run Behavior\ParseTemplateBehavior [ RunTime:0.003682s ]
INFO: [ view_parse ] --END-- [ RunTime:0.003723s ]
INFO: [ view_filter ] --START--
INFO: Run Behavior\WriteHtmlCacheBehavior [ RunTime:0.000146s ]
INFO: [ view_filter ] --END-- [ RunTime:0.000180s ]
INFO: [ app_end ] --START--
INFO: Run Behavior\ShowPageTraceBehavior [ RunTime:0.000357s ]
INFO: [ app_end ] --END-- [ RunTime:0.000395s ]

[ 2017-08-02T15:52:23+08:00 ] 223.81.192.208 /index.php/Mobile/Login/verify.html
INFO: [ app_init ] --START--
INFO: Run Behavior\BuildLiteBehavior [ RunTime:0.000012s ]
INFO: [ app_init ] --END-- [ RunTime:0.000248s ]
INFO: [ app_begin ] --START--
INFO: Run Behavior\ReadHtmlCacheBehavior [ RunTime:0.000322s ]
INFO: [ app_begin ] --END-- [ RunTime:0.000366s ]
INFO: [ action_begin ] --START--
INFO: Run Admin\Behaviors\OptionRecordBehavior [ RunTime:0.000306s ]
INFO: [ action_begin ] --END-- [ RunTime:0.000353s ]
INFO: [ app_end ] --START--
INFO: Run Behavior\ShowPageTraceBehavior [ RunTime:0.000332s ]
INFO: [ app_end ] --END-- [ RunTime:0.000383s ]

[ 2017-08-02T15:54:49+08:00 ] 101.226.125.100 /index.php/Mobile/Login/login.html
INFO: [ app_init ] --START--
INFO: Run Behavior\BuildLiteBehavior [ RunTime:0.000014s ]
INFO: [ app_init ] --END-- [ RunTime:0.000276s ]
INFO: [ app_begin ] --START--
INFO: Run Behavior\ReadHtmlCacheBehavior [ RunTime:0.000365s ]
INFO: [ app_begin ] --END-- [ RunTime:0.000411s ]
INFO: [ action_begin ] --START--
INFO: Run Admin\Behaviors\OptionRecordBehavior [ RunTime:0.000287s ]
INFO: [ action_begin ] --END-- [ RunTime:0.000346s ]
INFO: [ view_parse ] --START--
INFO: [ template_filter ] --START--
INFO: Run Behavior\ContentReplaceBehavior [ RunTime:0.000036s ]
INFO: [ template_filter ] --END-- [ RunTime:0.000082s ]
INFO: Run Behavior\ParseTemplateBehavior [ RunTime:0.003706s ]
INFO: [ view_parse ] --END-- [ RunTime:0.003747s ]
INFO: [ view_filter ] --START--
INFO: Run Behavior\WriteHtmlCacheBehavior [ RunTime:0.000163s ]
INFO: [ view_filter ] --END-- [ RunTime:0.000199s ]
INFO: [ app_end ] --START--
INFO: Run Behavior\ShowPageTraceBehavior [ RunTime:0.000363s ]
INFO: [ app_end ] --END-- [ RunTime:0.000414s ]

[ 2017-08-02T16:06:28+08:00 ] 223.81.192.208 /index.php/Mobile/Index/index.html
INFO: [ app_init ] --START--
INFO: Run Behavior\BuildLiteBehavior [ RunTime:0.000014s ]
INFO: [ app_init ] --END-- [ RunTime:0.000302s ]
INFO: [ app_begin ] --START--
INFO: Run Behavior\ReadHtmlCacheBehavior [ RunTime:0.000327s ]
INFO: [ app_begin ] --END-- [ RunTime:0.000373s ]
INFO: [ action_begin ] --START--
INFO: Run Admin\Behaviors\OptionRecordBehavior [ RunTime:0.000369s ]
INFO: [ action_begin ] --END-- [ RunTime:0.000422s ]
SQL: SHOW COLUMNS FROM `member_work` [ RunTime:0.0005s ]
SQL: SELECT * FROM `member_work` WHERE `uid` = 15  [ RunTime:0.0001s ]
SQL: SHOW COLUMNS FROM `project` [ RunTime:0.0003s ]
SQL: SELECT `project_name` FROM `project` WHERE ( id=2 ) LIMIT 1   [ RunTime:0.0001s ]
SQL: SELECT `project_name` FROM `project` WHERE ( id=2 ) LIMIT 1   [ RunTime:0.0000s ]
SQL: SELECT `project_name` FROM `project` WHERE ( id=2 ) LIMIT 1   [ RunTime:0.0000s ]
SQL: SELECT `project_name` FROM `project` WHERE ( id=2 ) LIMIT 1   [ RunTime:0.0000s ]
SQL: SELECT `project_name` FROM `project` WHERE ( id=2 ) LIMIT 1   [ RunTime:0.0000s ]
SQL: SELECT `project_name` FROM `project` WHERE ( id=2 ) LIMIT 1   [ RunTime:0.0000s ]
INFO: [ view_parse ] --START--
INFO: [ template_filter ] --START--
INFO: Run Behavior\ContentReplaceBehavior [ RunTime:0.000030s ]
INFO: [ template_filter ] --END-- [ RunTime:0.000073s ]
INFO: Run Behavior\ParseTemplateBehavior [ RunTime:0.004231s ]
INFO: [ view_parse ] --END-- [ RunTime:0.004277s ]
INFO: [ view_filter ] --START--
INFO: Run Behavior\WriteHtmlCacheBehavior [ RunTime:0.000157s ]
INFO: [ view_filter ] --END-- [ RunTime:0.000192s ]
INFO: [ app_end ] --START--
INFO: Run Behavior\ShowPageTraceBehavior [ RunTime:0.000336s ]
INFO: [ app_end ] --END-- [ RunTime:0.000376s ]

[ 2017-08-02T16:13:35+08:00 ] 223.81.192.208 /index.php/Mobile/Index/index.html
INFO: [ app_init ] --START--
INFO: Run Behavior\BuildLiteBehavior [ RunTime:0.000012s ]
INFO: [ app_init ] --END-- [ RunTime:0.000239s ]
INFO: [ app_begin ] --START--
INFO: Run Behavior\ReadHtmlCacheBehavior [ RunTime:0.000348s ]
INFO: [ app_begin ] --END-- [ RunTime:0.000394s ]
INFO: [ action_begin ] --START--
INFO: Run Admin\Behaviors\OptionRecordBehavior [ RunTime:0.000276s ]
INFO: [ action_begin ] --END-- [ RunTime:0.000334s ]
SQL: SHOW COLUMNS FROM `member_work` [ RunTime:0.0004s ]
SQL: SELECT * FROM `member_work` WHERE `uid` = 15  [ RunTime:0.0001s ]
SQL: SHOW COLUMNS FROM `project` [ RunTime:0.0003s ]
SQL: SELECT `project_name` FROM `project` WHERE ( id=2 ) LIMIT 1   [ RunTime:0.0000s ]
SQL: SELECT `project_name` FROM `project` WHERE ( id=2 ) LIMIT 1   [ RunTime:0.0000s ]
SQL: SELECT `project_name` FROM `project` WHERE ( id=2 ) LIMIT 1   [ RunTime:0.0000s ]
SQL: SELECT `project_name` FROM `project` WHERE ( id=2 ) LIMIT 1   [ RunTime:0.0001s ]
SQL: SELECT `project_name` FROM `project` WHERE ( id=2 ) LIMIT 1   [ RunTime:0.0000s ]
SQL: SELECT `project_name` FROM `project` WHERE ( id=2 ) LIMIT 1   [ RunTime:0.0000s ]
INFO: [ view_parse ] --START--
INFO: [ template_filter ] --START--
INFO: Run Behavior\ContentReplaceBehavior [ RunTime:0.000029s ]
INFO: [ template_filter ] --END-- [ RunTime:0.000070s ]
INFO: Run Behavior\ParseTemplateBehavior [ RunTime:0.004147s ]
INFO: [ view_parse ] --END-- [ RunTime:0.004191s ]
INFO: [ view_filter ] --START--
INFO: Run Behavior\WriteHtmlCacheBehavior [ RunTime:0.000172s ]
INFO: [ view_filter ] --END-- [ RunTime:0.000208s ]
INFO: [ app_end ] --START--
INFO: Run Behavior\ShowPageTraceBehavior [ RunTime:0.000371s ]
INFO: [ app_end ] --END-- [ RunTime:0.000411s ]

[ 2017-08-02T16:21:43+08:00 ] 223.81.192.208 /index.php/Mobile/Index/addWork.html
INFO: [ app_init ] --START--
INFO: Run Behavior\BuildLiteBehavior [ RunTime:0.000014s ]
INFO: [ app_init ] --END-- [ RunTime:0.000251s ]
INFO: [ app_begin ] --START--
INFO: Run Behavior\ReadHtmlCacheBehavior [ RunTime:0.000333s ]
INFO: [ app_begin ] --END-- [ RunTime:0.000380s ]
INFO: [ action_begin ] --START--
INFO: Run Admin\Behaviors\OptionRecordBehavior [ RunTime:0.000286s ]
INFO: [ action_begin ] --END-- [ RunTime:0.000336s ]
SQL: SHOW COLUMNS FROM `project_member` [ RunTime:0.0007s ]
SQL: SELECT `pid`,`id` FROM `project_member` WHERE `eid` = 15  [ RunTime:0.0001s ]
SQL: SHOW COLUMNS FROM `project_member` [ RunTime:0.0003s ]
SQL: SELECT b.project_name FROM `project_member` INNER JOIN project as b on project_member.pid = b.id  WHERE ( project_member.id=2 ) LIMIT 1   [ RunTime:0.0001s ]
INFO: [ view_parse ] --START--
INFO: [ template_filter ] --START--
INFO: Run Behavior\ContentReplaceBehavior [ RunTime:0.000035s ]
INFO: [ template_filter ] --END-- [ RunTime:0.000080s ]
INFO: Run Behavior\ParseTemplateBehavior [ RunTime:0.004094s ]
INFO: [ view_parse ] --END-- [ RunTime:0.004155s ]
INFO: [ view_filter ] --START--
INFO: Run Behavior\WriteHtmlCacheBehavior [ RunTime:0.000178s ]
INFO: [ view_filter ] --END-- [ RunTime:0.000214s ]
INFO: [ app_end ] --START--
INFO: Run Behavior\ShowPageTraceBehavior [ RunTime:0.000332s ]
INFO: [ app_end ] --END-- [ RunTime:0.000372s ]

