[ 2017-07-31T22:02:49+08:00 ] 127.0.0.1 /index.php/mobile/Login/login.html
INFO: [ app_init ] --START--
INFO: Run Behavior\BuildLiteBehavior [ RunTime:0.000000s ]
INFO: [ app_init ] --END-- [ RunTime:0.001000s ]
INFO: [ app_begin ] --START--
INFO: Run Behavior\ReadHtmlCacheBehavior [ RunTime:0.001000s ]
INFO: [ app_begin ] --END-- [ RunTime:0.001000s ]
INFO: [ action_begin ] --START--
ERR: 1146:Table 'auth.admin_menu' doesn't exist
 [ SQL语句 ] : SHOW COLUMNS FROM `admin_menu`
ERR: 1146:Table 'auth.admin_menu' doesn't exist
 [ SQL语句 ] : SHOW COLUMNS FROM `admin_menu`

[ 2017-07-31T22:05:30+08:00 ] 127.0.0.1 /index.php/mobile/Login/login.html
INFO: [ app_init ] --START--
INFO: Run Behavior\BuildLiteBehavior [ RunTime:0.000000s ]
INFO: [ app_init ] --END-- [ RunTime:0.000000s ]
INFO: [ app_begin ] --START--
INFO: Run Behavior\ReadHtmlCacheBehavior [ RunTime:0.001001s ]
INFO: [ app_begin ] --END-- [ RunTime:0.001001s ]
INFO: [ action_begin ] --START--
ERR: 1146:Table 'auth.admin_menu' doesn't exist
 [ SQL语句 ] : SHOW COLUMNS FROM `admin_menu`
ERR: 1146:Table 'auth.admin_menu' doesn't exist
 [ SQL语句 ] : SHOW COLUMNS FROM `admin_menu`

[ 2017-07-31T22:06:17+08:00 ] 127.0.0.1 /index.php/mobile/Login/login.html
INFO: [ app_init ] --START--
INFO: Run Behavior\BuildLiteBehavior [ RunTime:0.000000s ]
INFO: [ app_init ] --END-- [ RunTime:0.000000s ]
INFO: [ app_begin ] --START--
INFO: Run Behavior\ReadHtmlCacheBehavior [ RunTime:0.001000s ]
INFO: [ app_begin ] --END-- [ RunTime:0.001000s ]
INFO: [ action_begin ] --START--
ERR: 1146:Table 'auth.admin_menu' doesn't exist
 [ SQL语句 ] : SHOW COLUMNS FROM `admin_menu`
ERR: 1146:Table 'auth.admin_menu' doesn't exist
 [ SQL语句 ] : SHOW COLUMNS FROM `admin_menu`

[ 2017-07-31T22:07:47+08:00 ] 127.0.0.1 /index.php/mobile/Login/login.html
INFO: [ app_init ] --START--
INFO: Run Behavior\BuildLiteBehavior [ RunTime:0.000000s ]
INFO: [ app_init ] --END-- [ RunTime:0.001000s ]
INFO: [ app_begin ] --START--
INFO: Run Behavior\ReadHtmlCacheBehavior [ RunTime:0.001000s ]
INFO: [ app_begin ] --END-- [ RunTime:0.001000s ]
INFO: [ action_begin ] --START--
ERR: 1146:Table 'auth.admin_menu' doesn't exist
 [ SQL语句 ] : SHOW COLUMNS FROM `admin_menu`
ERR: 1146:Table 'auth.admin_menu' doesn't exist
 [ SQL语句 ] : SHOW COLUMNS FROM `admin_menu`

[ 2017-07-31T22:08:19+08:00 ] 127.0.0.1 /index.php/mobile/Login/login.html
INFO: [ app_init ] --START--
INFO: Run Behavior\BuildLiteBehavior [ RunTime:0.000000s ]
INFO: [ app_init ] --END-- [ RunTime:0.000000s ]
INFO: [ app_begin ] --START--
INFO: Run Behavior\ReadHtmlCacheBehavior [ RunTime:0.000000s ]
INFO: [ app_begin ] --END-- [ RunTime:0.000000s ]
INFO: [ action_begin ] --START--
ERR: 1146:Table 'auth.admin_menu' doesn't exist
 [ SQL语句 ] : SHOW COLUMNS FROM `admin_menu`
ERR: 1146:Table 'auth.admin_menu' doesn't exist
 [ SQL语句 ] : SHOW COLUMNS FROM `admin_menu`

[ 2017-07-31T22:12:29+08:00 ] 127.0.0.1 /index.php/Mobile/Login/login.html
INFO: [ app_init ] --START--
INFO: Run Behavior\BuildLiteBehavior [ RunTime:0.000000s ]
INFO: [ app_init ] --END-- [ RunTime:0.000000s ]
INFO: [ app_begin ] --START--
INFO: Run Behavior\ReadHtmlCacheBehavior [ RunTime:0.000000s ]
INFO: [ app_begin ] --END-- [ RunTime:0.000000s ]
INFO: [ action_begin ] --START--
ERR: 1146:Table 'auth.admin_menu' doesn't exist
 [ SQL语句 ] : SHOW COLUMNS FROM `admin_menu`
ERR: 1146:Table 'auth.admin_menu' doesn't exist
 [ SQL语句 ] : SHOW COLUMNS FROM `admin_menu`

[ 2017-07-31T22:14:04+08:00 ] 127.0.0.1 /index.php/Mobile/Login/login.html
INFO: [ app_init ] --START--
INFO: Run Behavior\BuildLiteBehavior [ RunTime:0.000000s ]
INFO: [ app_init ] --END-- [ RunTime:0.001000s ]
INFO: [ app_begin ] --START--
INFO: Run Behavior\ReadHtmlCacheBehavior [ RunTime:0.000000s ]
INFO: [ app_begin ] --END-- [ RunTime:0.000000s ]
INFO: [ action_begin ] --START--
ERR: 1146:Table 'auth.admin_menu' doesn't exist
 [ SQL语句 ] : SHOW COLUMNS FROM `admin_menu`
ERR: 1146:Table 'auth.admin_menu' doesn't exist
 [ SQL语句 ] : SHOW COLUMNS FROM `admin_menu`

[ 2017-07-31T22:18:47+08:00 ] 127.0.0.1 /index.php/Mobile/Logins/login.html
INFO: [ app_init ] --START--
INFO: Run Behavior\BuildLiteBehavior [ RunTime:0.000000s ]
INFO: [ app_init ] --END-- [ RunTime:0.001000s ]
INFO: [ app_begin ] --START--
INFO: Run Behavior\ReadHtmlCacheBehavior [ RunTime:0.001000s ]
INFO: [ app_begin ] --END-- [ RunTime:0.001000s ]
ERR: 无法加载控制器:Logins

[ 2017-07-31T22:19:08+08:00 ] 127.0.0.1 /index.php/Mobile/logins/login.html
INFO: [ app_init ] --START--
INFO: Run Behavior\BuildLiteBehavior [ RunTime:0.000000s ]
INFO: [ app_init ] --END-- [ RunTime:0.000000s ]
INFO: [ app_begin ] --START--
INFO: Run Behavior\ReadHtmlCacheBehavior [ RunTime:0.000000s ]
INFO: [ app_begin ] --END-- [ RunTime:0.000000s ]
ERR: 无法加载控制器:Logins

[ 2017-07-31T22:28:54+08:00 ] 127.0.0.1 /index.php/Mobile/logins/login.html
INFO: [ app_init ] --START--
INFO: Run Behavior\BuildLiteBehavior [ RunTime:0.000000s ]
INFO: [ app_init ] --END-- [ RunTime:0.001000s ]
INFO: [ app_begin ] --START--
INFO: Run Behavior\ReadHtmlCacheBehavior [ RunTime:0.000000s ]
INFO: [ app_begin ] --END-- [ RunTime:0.000000s ]
ERR: 无法加载控制器:Logins

[ 2017-07-31T22:35:36+08:00 ] 127.0.0.1 /index.php/Mobile/logins/login.html
INFO: [ app_init ] --START--
INFO: Run Behavior\BuildLiteBehavior [ RunTime:0.000000s ]
INFO: [ app_init ] --END-- [ RunTime:0.000000s ]
INFO: [ app_begin ] --START--
INFO: Run Behavior\ReadHtmlCacheBehavior [ RunTime:0.001000s ]
INFO: [ app_begin ] --END-- [ RunTime:0.001000s ]
ERR: 无法加载控制器:Logins

[ 2017-07-31T22:38:58+08:00 ] 127.0.0.1 /index.php/Mobile/login/login.html
INFO: [ app_init ] --START--
INFO: Run Behavior\BuildLiteBehavior [ RunTime:0.000000s ]
INFO: [ app_init ] --END-- [ RunTime:0.000000s ]
INFO: [ app_begin ] --START--
INFO: Run Behavior\ReadHtmlCacheBehavior [ RunTime:0.001000s ]
INFO: [ app_begin ] --END-- [ RunTime:0.001000s ]
INFO: [ action_begin ] --START--
ERR: 1146:Table 'auth.admin_menu' doesn't exist
 [ SQL语句 ] : SHOW COLUMNS FROM `admin_menu`
ERR: 1146:Table 'auth.admin_menu' doesn't exist
 [ SQL语句 ] : SHOW COLUMNS FROM `admin_menu`

[ 2017-07-31T22:43:22+08:00 ] 127.0.0.1 /index.php/Mobile/Lee/index
INFO: [ app_init ] --START--
INFO: Run Behavior\BuildLiteBehavior [ RunTime:0.000000s ]
INFO: [ app_init ] --END-- [ RunTime:0.000000s ]
INFO: [ app_begin ] --START--
INFO: Run Behavior\ReadHtmlCacheBehavior [ RunTime:0.001000s ]
INFO: [ app_begin ] --END-- [ RunTime:0.001000s ]
INFO: [ action_begin ] --START--
ERR: 1146:Table 'auth.admin_menu' doesn't exist
 [ SQL语句 ] : SHOW COLUMNS FROM `admin_menu`
ERR: 1146:Table 'auth.admin_menu' doesn't exist
 [ SQL语句 ] : SHOW COLUMNS FROM `admin_menu`

[ 2017-07-31T22:44:59+08:00 ] 127.0.0.1 /index.php/Mobile/Lee/index
INFO: [ app_init ] --START--
INFO: Run Behavior\BuildLiteBehavior [ RunTime:0.000000s ]
INFO: [ app_init ] --END-- [ RunTime:0.000000s ]
INFO: [ app_begin ] --START--
INFO: Run Behavior\ReadHtmlCacheBehavior [ RunTime:0.001000s ]
INFO: [ app_begin ] --END-- [ RunTime:0.001000s ]
INFO: [ action_begin ] --START--

[ 2017-07-31T22:50:12+08:00 ] 127.0.0.1 /index.php/Mobile/Lee/index
INFO: [ app_init ] --START--
INFO: Run Behavior\BuildLiteBehavior [ RunTime:0.000000s ]
INFO: [ app_init ] --END-- [ RunTime:0.000000s ]
INFO: [ app_begin ] --START--
INFO: Run Behavior\ReadHtmlCacheBehavior [ RunTime:0.000000s ]
INFO: [ app_begin ] --END-- [ RunTime:0.000000s ]
INFO: [ action_begin ] --START--

[ 2017-07-31T22:52:08+08:00 ] 127.0.0.1 /index.php/Mobile/Lee/index
INFO: [ app_init ] --START--
INFO: Run Behavior\BuildLiteBehavior [ RunTime:0.000000s ]
INFO: [ app_init ] --END-- [ RunTime:0.001000s ]
INFO: [ app_begin ] --START--
INFO: Run Behavior\ReadHtmlCacheBehavior [ RunTime:0.001001s ]
INFO: [ app_begin ] --END-- [ RunTime:0.001001s ]
INFO: [ action_begin ] --START--

[ 2017-07-31T22:52:45+08:00 ] 127.0.0.1 /index.php/mobile/Lee/index
INFO: [ app_init ] --START--
INFO: Run Behavior\BuildLiteBehavior [ RunTime:0.001000s ]
INFO: [ app_init ] --END-- [ RunTime:0.001000s ]
INFO: [ app_begin ] --START--
INFO: Run Behavior\ReadHtmlCacheBehavior [ RunTime:0.000000s ]
INFO: [ app_begin ] --END-- [ RunTime:0.000000s ]
INFO: [ action_begin ] --START--

[ 2017-07-31T22:53:25+08:00 ] 127.0.0.1 /index.php/mobile/Lee/index
INFO: [ app_init ] --START--
INFO: Run Behavior\BuildLiteBehavior [ RunTime:0.000000s ]
INFO: [ app_init ] --END-- [ RunTime:0.000000s ]
INFO: [ app_begin ] --START--
INFO: Run Behavior\ReadHtmlCacheBehavior [ RunTime:0.001000s ]
INFO: [ app_begin ] --END-- [ RunTime:0.001000s ]
INFO: [ action_begin ] --START--
INFO: Run Admin\Behaviors\OptionRecordBehavior [ RunTime:0.001000s ]
INFO: [ action_begin ] --END-- [ RunTime:0.001000s ]

[ 2017-07-31T22:54:03+08:00 ] 127.0.0.1 /index.php/mobile/Lee/index
INFO: [ app_init ] --START--
INFO: Run Behavior\BuildLiteBehavior [ RunTime:0.000000s ]
INFO: [ app_init ] --END-- [ RunTime:0.000000s ]
INFO: [ app_begin ] --START--
INFO: Run Behavior\ReadHtmlCacheBehavior [ RunTime:0.000000s ]
INFO: [ app_begin ] --END-- [ RunTime:0.000000s ]
ERR: 无法加载控制器:Lee

[ 2017-07-31T22:54:25+08:00 ] 127.0.0.1 /index.php/Mobile/logins/login.html
INFO: [ app_init ] --START--
INFO: Run Behavior\BuildLiteBehavior [ RunTime:0.000000s ]
INFO: [ app_init ] --END-- [ RunTime:0.000000s ]
INFO: [ app_begin ] --START--
INFO: Run Behavior\ReadHtmlCacheBehavior [ RunTime:0.000000s ]
INFO: [ app_begin ] --END-- [ RunTime:0.000000s ]
ERR: 无法加载控制器:Logins

[ 2017-07-31T22:54:44+08:00 ] 127.0.0.1 /index.php/Mobile/login/login.html
INFO: [ app_init ] --START--
INFO: Run Behavior\BuildLiteBehavior [ RunTime:0.000000s ]
INFO: [ app_init ] --END-- [ RunTime:0.000000s ]
INFO: [ app_begin ] --START--
INFO: Run Behavior\ReadHtmlCacheBehavior [ RunTime:0.000000s ]
INFO: [ app_begin ] --END-- [ RunTime:0.000000s ]
INFO: [ action_begin ] --START--
INFO: Run Admin\Behaviors\OptionRecordBehavior [ RunTime:0.001000s ]
INFO: [ action_begin ] --END-- [ RunTime:0.001000s ]
INFO: [ view_parse ] --START--
INFO: [ template_filter ] --START--
INFO: Run Behavior\ContentReplaceBehavior [ RunTime:0.000000s ]
INFO: [ template_filter ] --END-- [ RunTime:0.000000s ]
INFO: Run Behavior\ParseTemplateBehavior [ RunTime:0.005000s ]
INFO: [ view_parse ] --END-- [ RunTime:0.005000s ]
INFO: [ view_filter ] --START--
INFO: Run Behavior\WriteHtmlCacheBehavior [ RunTime:0.000000s ]
INFO: [ view_filter ] --END-- [ RunTime:0.000000s ]
INFO: [ app_end ] --START--
INFO: Run Behavior\ShowPageTraceBehavior [ RunTime:0.000000s ]
INFO: [ app_end ] --END-- [ RunTime:0.000000s ]

[ 2017-07-31T22:54:48+08:00 ] 127.0.0.1 /index.php/Mobile/Login/verify.html
INFO: [ app_init ] --START--
INFO: Run Behavior\BuildLiteBehavior [ RunTime:0.000000s ]
INFO: [ app_init ] --END-- [ RunTime:0.001000s ]
INFO: [ app_begin ] --START--
INFO: Run Behavior\ReadHtmlCacheBehavior [ RunTime:0.000000s ]
INFO: [ app_begin ] --END-- [ RunTime:0.000000s ]
INFO: [ action_begin ] --START--
INFO: Run Admin\Behaviors\OptionRecordBehavior [ RunTime:0.001000s ]
INFO: [ action_begin ] --END-- [ RunTime:0.001000s ]
INFO: [ app_end ] --START--
INFO: Run Behavior\ShowPageTraceBehavior [ RunTime:0.001000s ]
INFO: [ app_end ] --END-- [ RunTime:0.001000s ]

[ 2017-07-31T23:05:14+08:00 ] 127.0.0.1 /index.php/Mobile/Login/verify.html
INFO: [ app_init ] --START--
INFO: Run Behavior\BuildLiteBehavior [ RunTime:0.000000s ]
INFO: [ app_init ] --END-- [ RunTime:0.066003s ]
INFO: [ app_begin ] --START--
INFO: Run Behavior\ReadHtmlCacheBehavior [ RunTime:0.174010s ]
INFO: [ app_begin ] --END-- [ RunTime:0.174010s ]
INFO: [ action_begin ] --START--
INFO: Run Admin\Behaviors\OptionRecordBehavior [ RunTime:0.169009s ]
INFO: [ action_begin ] --END-- [ RunTime:0.169009s ]
INFO: [ app_end ] --START--
INFO: Run Behavior\ShowPageTraceBehavior [ RunTime:0.062003s ]
INFO: [ app_end ] --END-- [ RunTime:0.062003s ]

[ 2017-07-31T23:06:15+08:00 ] 127.0.0.1 /index.php/Mobile/Login/doLogin.html
INFO: [ app_init ] --START--
INFO: Run Behavior\BuildLiteBehavior [ RunTime:0.000000s ]
INFO: [ app_init ] --END-- [ RunTime:0.001000s ]
INFO: [ app_begin ] --START--
INFO: Run Behavior\ReadHtmlCacheBehavior [ RunTime:0.001000s ]
INFO: [ app_begin ] --END-- [ RunTime:0.001000s ]
INFO: [ action_begin ] --START--
INFO: Run Admin\Behaviors\OptionRecordBehavior [ RunTime:0.002000s ]
INFO: [ action_begin ] --END-- [ RunTime:0.002000s ]
SQL: SHOW COLUMNS FROM `admin_user` [ RunTime:0.0070s ]
ERR: Think\Model:findUser方法不存在！

[ 2017-07-31T23:06:29+08:00 ] 127.0.0.1 /index.php/Mobile/Login/doLogin.html
INFO: [ app_init ] --START--
INFO: Run Behavior\BuildLiteBehavior [ RunTime:0.000000s ]
INFO: [ app_init ] --END-- [ RunTime:0.000000s ]
INFO: [ app_begin ] --START--
INFO: Run Behavior\ReadHtmlCacheBehavior [ RunTime:0.001000s ]
INFO: [ app_begin ] --END-- [ RunTime:0.001000s ]
INFO: [ action_begin ] --START--
INFO: Run Admin\Behaviors\OptionRecordBehavior [ RunTime:0.003000s ]
INFO: [ action_begin ] --END-- [ RunTime:0.003000s ]

[ 2017-07-31T23:06:29+08:00 ] 127.0.0.1 /index.php/Mobile/Login/verify.html?0.7311072711770934
INFO: [ app_init ] --START--
INFO: Run Behavior\BuildLiteBehavior [ RunTime:0.000000s ]
INFO: [ app_init ] --END-- [ RunTime:0.000000s ]
INFO: [ app_begin ] --START--
INFO: Run Behavior\ReadHtmlCacheBehavior [ RunTime:0.001000s ]
INFO: [ app_begin ] --END-- [ RunTime:0.001000s ]
INFO: [ action_begin ] --START--
INFO: Run Admin\Behaviors\OptionRecordBehavior [ RunTime:0.002000s ]
INFO: [ action_begin ] --END-- [ RunTime:0.002000s ]
INFO: [ app_end ] --START--
INFO: Run Behavior\ShowPageTraceBehavior [ RunTime:0.001000s ]
INFO: [ app_end ] --END-- [ RunTime:0.001000s ]

[ 2017-07-31T23:06:38+08:00 ] 127.0.0.1 /index.php/Mobile/Login/doLogin.html
INFO: [ app_init ] --START--
INFO: Run Behavior\BuildLiteBehavior [ RunTime:0.000000s ]
INFO: [ app_init ] --END-- [ RunTime:0.001000s ]
INFO: [ app_begin ] --START--
INFO: Run Behavior\ReadHtmlCacheBehavior [ RunTime:0.001000s ]
INFO: [ app_begin ] --END-- [ RunTime:0.001000s ]
INFO: [ action_begin ] --START--
INFO: Run Admin\Behaviors\OptionRecordBehavior [ RunTime:0.002000s ]
INFO: [ action_begin ] --END-- [ RunTime:0.002000s ]
SQL: SHOW COLUMNS FROM `admin_user` [ RunTime:0.0040s ]
ERR: Think\Model:findUser方法不存在！

[ 2017-07-31T23:07:26+08:00 ] 127.0.0.1 /index.php/Mobile/Login/verify.html?0.7311072711770934?0.08932765156965694
INFO: [ app_init ] --START--
INFO: Run Behavior\BuildLiteBehavior [ RunTime:0.000000s ]
INFO: [ app_init ] --END-- [ RunTime:0.000000s ]
INFO: [ app_begin ] --START--
INFO: Run Behavior\ReadHtmlCacheBehavior [ RunTime:0.001000s ]
INFO: [ app_begin ] --END-- [ RunTime:0.001000s ]
INFO: [ action_begin ] --START--
INFO: Run Admin\Behaviors\OptionRecordBehavior [ RunTime:0.002000s ]
INFO: [ action_begin ] --END-- [ RunTime:0.002000s ]
INFO: [ app_end ] --START--
INFO: Run Behavior\ShowPageTraceBehavior [ RunTime:0.001000s ]
INFO: [ app_end ] --END-- [ RunTime:0.001000s ]

[ 2017-07-31T23:07:31+08:00 ] 127.0.0.1 /index.php/Mobile/Login/doLogin.html
INFO: [ app_init ] --START--
INFO: Run Behavior\BuildLiteBehavior [ RunTime:0.000000s ]
INFO: [ app_init ] --END-- [ RunTime:0.001000s ]
INFO: [ app_begin ] --START--
INFO: Run Behavior\ReadHtmlCacheBehavior [ RunTime:0.000000s ]
INFO: [ app_begin ] --END-- [ RunTime:0.000000s ]
INFO: [ action_begin ] --START--
INFO: Run Admin\Behaviors\OptionRecordBehavior [ RunTime:0.001000s ]
INFO: [ action_begin ] --END-- [ RunTime:0.001000s ]
SQL: SHOW COLUMNS FROM `admin_user` [ RunTime:0.0040s ]
ERR: Think\Model:findUser方法不存在！

[ 2017-07-31T23:08:27+08:00 ] 127.0.0.1 /index.php/Mobile/Login/verify.html?0.7311072711770934?0.08932765156965694?0.1659913624786964
INFO: [ app_init ] --START--
INFO: Run Behavior\BuildLiteBehavior [ RunTime:0.000000s ]
INFO: [ app_init ] --END-- [ RunTime:0.000000s ]
INFO: [ app_begin ] --START--
INFO: Run Behavior\ReadHtmlCacheBehavior [ RunTime:0.001000s ]
INFO: [ app_begin ] --END-- [ RunTime:0.001000s ]
INFO: [ action_begin ] --START--
INFO: Run Admin\Behaviors\OptionRecordBehavior [ RunTime:0.001000s ]
INFO: [ action_begin ] --END-- [ RunTime:0.001000s ]
INFO: [ app_end ] --START--
INFO: Run Behavior\ShowPageTraceBehavior [ RunTime:0.001000s ]
INFO: [ app_end ] --END-- [ RunTime:0.001000s ]

[ 2017-07-31T23:08:33+08:00 ] 127.0.0.1 /index.php/Mobile/Login/doLogin.html
INFO: [ app_init ] --START--
INFO: Run Behavior\BuildLiteBehavior [ RunTime:0.000000s ]
INFO: [ app_init ] --END-- [ RunTime:0.001000s ]
INFO: [ app_begin ] --START--
INFO: Run Behavior\ReadHtmlCacheBehavior [ RunTime:0.000000s ]
INFO: [ app_begin ] --END-- [ RunTime:0.000000s ]
INFO: [ action_begin ] --START--
INFO: Run Admin\Behaviors\OptionRecordBehavior [ RunTime:0.001000s ]
INFO: [ action_begin ] --END-- [ RunTime:0.001000s ]
SQL: SHOW COLUMNS FROM `admin_user` [ RunTime:0.0040s ]
ERR: Think\Model:findUser方法不存在！

[ 2017-07-31T23:10:19+08:00 ] 127.0.0.1 /index.php/Mobile/Login/doLogin.html
INFO: [ app_init ] --START--
INFO: Run Behavior\BuildLiteBehavior [ RunTime:0.000000s ]
INFO: [ app_init ] --END-- [ RunTime:0.000000s ]
INFO: [ app_begin ] --START--
INFO: Run Behavior\ReadHtmlCacheBehavior [ RunTime:0.001000s ]
INFO: [ app_begin ] --END-- [ RunTime:0.001000s ]
INFO: [ action_begin ] --START--
INFO: Run Admin\Behaviors\OptionRecordBehavior [ RunTime:0.001000s ]
INFO: [ action_begin ] --END-- [ RunTime:0.001000s ]

[ 2017-07-31T23:10:19+08:00 ] 127.0.0.1 /index.php/Mobile/Login/verify.html?0.7311072711770934?0.08932765156965694?0.1659913624786964?0.24018766026623095
INFO: [ app_init ] --START--
INFO: Run Behavior\BuildLiteBehavior [ RunTime:0.000000s ]
INFO: [ app_init ] --END-- [ RunTime:0.001000s ]
INFO: [ app_begin ] --START--
INFO: Run Behavior\ReadHtmlCacheBehavior [ RunTime:0.000000s ]
INFO: [ app_begin ] --END-- [ RunTime:0.000000s ]
INFO: [ action_begin ] --START--
INFO: Run Admin\Behaviors\OptionRecordBehavior [ RunTime:0.001001s ]
INFO: [ action_begin ] --END-- [ RunTime:0.001001s ]
INFO: [ app_end ] --START--
INFO: Run Behavior\ShowPageTraceBehavior [ RunTime:0.001000s ]
INFO: [ app_end ] --END-- [ RunTime:0.001000s ]

[ 2017-07-31T23:10:21+08:00 ] 127.0.0.1 /index.php/Mobile/Login/verify.html?0.7311072711770934?0.08932765156965694?0.1659913624786964?0.24018766026623095?0.6076707765917262
INFO: [ app_init ] --START--
INFO: Run Behavior\BuildLiteBehavior [ RunTime:0.000000s ]
INFO: [ app_init ] --END-- [ RunTime:0.000000s ]
INFO: [ app_begin ] --START--
INFO: Run Behavior\ReadHtmlCacheBehavior [ RunTime:0.001000s ]
INFO: [ app_begin ] --END-- [ RunTime:0.001000s ]
INFO: [ action_begin ] --START--
INFO: Run Admin\Behaviors\OptionRecordBehavior [ RunTime:0.001000s ]
INFO: [ action_begin ] --END-- [ RunTime:0.001000s ]
INFO: [ app_end ] --START--
INFO: Run Behavior\ShowPageTraceBehavior [ RunTime:0.000000s ]
INFO: [ app_end ] --END-- [ RunTime:0.000000s ]

[ 2017-07-31T23:10:27+08:00 ] 127.0.0.1 /index.php/Mobile/Login/doLogin.html
INFO: [ app_init ] --START--
INFO: Run Behavior\BuildLiteBehavior [ RunTime:0.000000s ]
INFO: [ app_init ] --END-- [ RunTime:0.000000s ]
INFO: [ app_begin ] --START--
INFO: Run Behavior\ReadHtmlCacheBehavior [ RunTime:0.001000s ]
INFO: [ app_begin ] --END-- [ RunTime:0.001000s ]
INFO: [ action_begin ] --START--
INFO: Run Admin\Behaviors\OptionRecordBehavior [ RunTime:0.001000s ]
INFO: [ action_begin ] --END-- [ RunTime:0.001000s ]
SQL: SHOW COLUMNS FROM `admin_user` [ RunTime:0.0040s ]
ERR: Think\Model:findUser方法不存在！

[ 2017-07-31T23:10:53+08:00 ] 127.0.0.1 /index.php/Mobile/Login/verify.html?0.7311072711770934?0.08932765156965694?0.1659913624786964?0.24018766026623095?0.6076707765917262?0.5008071886378774
INFO: [ app_init ] --START--
INFO: Run Behavior\BuildLiteBehavior [ RunTime:0.000000s ]
INFO: [ app_init ] --END-- [ RunTime:0.001000s ]
INFO: [ app_begin ] --START--
INFO: Run Behavior\ReadHtmlCacheBehavior [ RunTime:0.000000s ]
INFO: [ app_begin ] --END-- [ RunTime:0.000000s ]
INFO: [ action_begin ] --START--
INFO: Run Admin\Behaviors\OptionRecordBehavior [ RunTime:0.001000s ]
INFO: [ action_begin ] --END-- [ RunTime:0.001000s ]
INFO: [ app_end ] --START--
INFO: Run Behavior\ShowPageTraceBehavior [ RunTime:0.001000s ]
INFO: [ app_end ] --END-- [ RunTime:0.001000s ]

[ 2017-07-31T23:10:59+08:00 ] 127.0.0.1 /index.php/Mobile/Login/doLogin.html
INFO: [ app_init ] --START--
INFO: Run Behavior\BuildLiteBehavior [ RunTime:0.000000s ]
INFO: [ app_init ] --END-- [ RunTime:0.000000s ]
INFO: [ app_begin ] --START--
INFO: Run Behavior\ReadHtmlCacheBehavior [ RunTime:0.001000s ]
INFO: [ app_begin ] --END-- [ RunTime:0.001000s ]
INFO: [ action_begin ] --START--
INFO: Run Admin\Behaviors\OptionRecordBehavior [ RunTime:0.001000s ]
INFO: [ action_begin ] --END-- [ RunTime:0.001000s ]
SQL: SHOW COLUMNS FROM `admin_user` [ RunTime:0.0040s ]
ERR: Think\Model:findUser方法不存在！

[ 2017-07-31T23:11:32+08:00 ] 127.0.0.1 /index.php/Mobile/Login/verify.html?0.7311072711770934?0.08932765156965694?0.1659913624786964?0.24018766026623095?0.6076707765917262?0.5008071886378774?0.9652487693579044
INFO: [ app_init ] --START--
INFO: Run Behavior\BuildLiteBehavior [ RunTime:0.000000s ]
INFO: [ app_init ] --END-- [ RunTime:0.001000s ]
INFO: [ app_begin ] --START--
INFO: Run Behavior\ReadHtmlCacheBehavior [ RunTime:0.001000s ]
INFO: [ app_begin ] --END-- [ RunTime:0.001000s ]
INFO: [ action_begin ] --START--
INFO: Run Admin\Behaviors\OptionRecordBehavior [ RunTime:0.001000s ]
INFO: [ action_begin ] --END-- [ RunTime:0.001000s ]
INFO: [ app_end ] --START--
INFO: Run Behavior\ShowPageTraceBehavior [ RunTime:0.001000s ]
INFO: [ app_end ] --END-- [ RunTime:0.001000s ]

[ 2017-07-31T23:11:36+08:00 ] 127.0.0.1 /index.php/Mobile/Login/doLogin.html
INFO: [ app_init ] --START--
INFO: Run Behavior\BuildLiteBehavior [ RunTime:0.000000s ]
INFO: [ app_init ] --END-- [ RunTime:0.000000s ]
INFO: [ app_begin ] --START--
INFO: Run Behavior\ReadHtmlCacheBehavior [ RunTime:0.001000s ]
INFO: [ app_begin ] --END-- [ RunTime:0.001000s ]
INFO: [ action_begin ] --START--
INFO: Run Admin\Behaviors\OptionRecordBehavior [ RunTime:0.001000s ]
INFO: [ action_begin ] --END-- [ RunTime:0.001000s ]

[ 2017-07-31T23:11:36+08:00 ] 127.0.0.1 /index.php/Mobile/Index/index.html
INFO: [ app_init ] --START--
INFO: Run Behavior\BuildLiteBehavior [ RunTime:0.000000s ]
INFO: [ app_init ] --END-- [ RunTime:0.000000s ]
INFO: [ app_begin ] --START--
INFO: Run Behavior\ReadHtmlCacheBehavior [ RunTime:0.000000s ]
INFO: [ app_begin ] --END-- [ RunTime:0.000000s ]

[ 2017-07-31T23:13:27+08:00 ] 127.0.0.1 /index.php/Mobile/Index/index.html
INFO: [ app_init ] --START--
INFO: Run Behavior\BuildLiteBehavior [ RunTime:0.000000s ]
INFO: [ app_init ] --END-- [ RunTime:0.001000s ]
INFO: [ app_begin ] --START--
INFO: Run Behavior\ReadHtmlCacheBehavior [ RunTime:0.000000s ]
INFO: [ app_begin ] --END-- [ RunTime:0.000000s ]
INFO: [ action_begin ] --START--
INFO: Run Admin\Behaviors\OptionRecordBehavior [ RunTime:0.001000s ]
INFO: [ action_begin ] --END-- [ RunTime:0.001000s ]
INFO: [ view_parse ] --START--
NOTIC: [2] file_get_contents(C:\xampp\htdocs\auth/application/Mobile/View/Common/header.html): failed to open stream: No such file or directory C:\xampp\htdocs\auth\ThinkPHP\Library\Think\Template.class.php 第 696 行.
INFO: [ template_filter ] --START--
INFO: Run Behavior\ContentReplaceBehavior [ RunTime:0.000000s ]
INFO: [ template_filter ] --END-- [ RunTime:0.000000s ]
NOTIC: [8] Undefined variable: menus C:\xampp\htdocs\auth\Application\Runtime\Cache\Mobile\2beb261657a3ad67710a07a2093dcac6.php 第 28 行.
INFO: Run Behavior\ParseTemplateBehavior [ RunTime:0.082005s ]
INFO: [ view_parse ] --END-- [ RunTime:0.082005s ]
INFO: [ view_filter ] --START--
INFO: Run Behavior\WriteHtmlCacheBehavior [ RunTime:0.011000s ]
INFO: [ view_filter ] --END-- [ RunTime:0.011000s ]
INFO: [ app_end ] --START--
INFO: Run Behavior\ShowPageTraceBehavior [ RunTime:0.000000s ]
INFO: [ app_end ] --END-- [ RunTime:0.000000s ]

[ 2017-07-31T23:13:27+08:00 ] 127.0.0.1 /index.php/Mobile/Index/main.html
INFO: [ app_init ] --START--
INFO: Run Behavior\BuildLiteBehavior [ RunTime:0.000000s ]
INFO: [ app_init ] --END-- [ RunTime:0.001000s ]
INFO: [ app_begin ] --START--
INFO: Run Behavior\ReadHtmlCacheBehavior [ RunTime:0.001000s ]
INFO: [ app_begin ] --END-- [ RunTime:0.001000s ]
INFO: [ action_begin ] --START--
INFO: Run Admin\Behaviors\OptionRecordBehavior [ RunTime:0.001000s ]
INFO: [ action_begin ] --END-- [ RunTime:0.001000s ]
INFO: [ view_parse ] --START--
INFO: [ template_filter ] --START--
INFO: Run Behavior\ContentReplaceBehavior [ RunTime:0.000000s ]
INFO: [ template_filter ] --END-- [ RunTime:0.000000s ]
INFO: Run Behavior\ParseTemplateBehavior [ RunTime:0.005001s ]
INFO: [ view_parse ] --END-- [ RunTime:0.005001s ]
INFO: [ view_filter ] --START--
INFO: Run Behavior\WriteHtmlCacheBehavior [ RunTime:0.000000s ]
INFO: [ view_filter ] --END-- [ RunTime:0.000000s ]
INFO: [ app_end ] --START--
INFO: Run Behavior\ShowPageTraceBehavior [ RunTime:0.001000s ]
INFO: [ app_end ] --END-- [ RunTime:0.001000s ]

[ 2017-07-31T23:20:47+08:00 ] 127.0.0.1 /index.php/Mobile/Index/index.html
INFO: [ app_init ] --START--
INFO: Run Behavior\BuildLiteBehavior [ RunTime:0.000000s ]
INFO: [ app_init ] --END-- [ RunTime:0.000000s ]
INFO: [ app_begin ] --START--
INFO: Run Behavior\ReadHtmlCacheBehavior [ RunTime:0.001000s ]
INFO: [ app_begin ] --END-- [ RunTime:0.001000s ]

[ 2017-07-31T23:21:12+08:00 ] 127.0.0.1 /index.php/Mobile/Index/index.html
INFO: [ app_init ] --START--
INFO: Run Behavior\BuildLiteBehavior [ RunTime:0.000000s ]
INFO: [ app_init ] --END-- [ RunTime:0.000000s ]
INFO: [ app_begin ] --START--
INFO: Run Behavior\ReadHtmlCacheBehavior [ RunTime:0.000000s ]
INFO: [ app_begin ] --END-- [ RunTime:0.000000s ]
SQL: SHOW COLUMNS FROM `member_work` [ RunTime:0.0040s ]
SQL: SELECT * FROM `member_work` WHERE `uid` = 15  [ RunTime:0.0000s ]
SQL: SHOW COLUMNS FROM `project` [ RunTime:0.0030s ]
SQL: SELECT `project_name` FROM `project` WHERE ( id=2 ) LIMIT 1   [ RunTime:0.0000s ]
SQL: SELECT `project_name` FROM `project` WHERE ( id=2 ) LIMIT 1   [ RunTime:0.0010s ]
SQL: SELECT `project_name` FROM `project` WHERE ( id=2 ) LIMIT 1   [ RunTime:0.0000s ]
SQL: SELECT `project_name` FROM `project` WHERE ( id=2 ) LIMIT 1   [ RunTime:0.0000s ]
SQL: SELECT `project_name` FROM `project` WHERE ( id=2 ) LIMIT 1   [ RunTime:0.0000s ]
NOTIC: [8] Undefined index: list C:\xampp\htdocs\auth\Application\Mobile\Controller\IndexController.class.php 第 22 行.
ERR: Call to a member function assign() on null

[ 2017-07-31T23:22:22+08:00 ] 127.0.0.1 /index.php/Mobile/Index/index.html
INFO: [ app_init ] --START--
INFO: Run Behavior\BuildLiteBehavior [ RunTime:0.000000s ]
INFO: [ app_init ] --END-- [ RunTime:0.000000s ]
INFO: [ app_begin ] --START--
INFO: Run Behavior\ReadHtmlCacheBehavior [ RunTime:0.001000s ]
INFO: [ app_begin ] --END-- [ RunTime:0.001000s ]
SQL: SHOW COLUMNS FROM `member_work` [ RunTime:0.0040s ]
SQL: SELECT * FROM `member_work` WHERE `uid` = 15  [ RunTime:0.0000s ]
SQL: SHOW COLUMNS FROM `project` [ RunTime:0.0030s ]
SQL: SELECT `project_name` FROM `project` WHERE ( id=2 ) LIMIT 1   [ RunTime:0.0000s ]
SQL: SELECT `project_name` FROM `project` WHERE ( id=2 ) LIMIT 1   [ RunTime:0.0010s ]
SQL: SELECT `project_name` FROM `project` WHERE ( id=2 ) LIMIT 1   [ RunTime:0.0000s ]
SQL: SELECT `project_name` FROM `project` WHERE ( id=2 ) LIMIT 1   [ RunTime:0.0000s ]
SQL: SELECT `project_name` FROM `project` WHERE ( id=2 ) LIMIT 1   [ RunTime:0.0000s ]
NOTIC: [8] Undefined index: list C:\xampp\htdocs\auth\Application\Mobile\Controller\IndexController.class.php 第 24 行.
ERR: Call to a member function assign() on null

[ 2017-07-31T23:22:23+08:00 ] 127.0.0.1 /index.php/Mobile/Index/index.html
INFO: [ app_init ] --START--
INFO: Run Behavior\BuildLiteBehavior [ RunTime:0.000000s ]
INFO: [ app_init ] --END-- [ RunTime:0.001000s ]
INFO: [ app_begin ] --START--
INFO: Run Behavior\ReadHtmlCacheBehavior [ RunTime:0.000000s ]
INFO: [ app_begin ] --END-- [ RunTime:0.000000s ]
SQL: SHOW COLUMNS FROM `member_work` [ RunTime:0.0040s ]
SQL: SELECT * FROM `member_work` WHERE `uid` = 15  [ RunTime:0.0000s ]
SQL: SHOW COLUMNS FROM `project` [ RunTime:0.0030s ]
SQL: SELECT `project_name` FROM `project` WHERE ( id=2 ) LIMIT 1   [ RunTime:0.0000s ]
SQL: SELECT `project_name` FROM `project` WHERE ( id=2 ) LIMIT 1   [ RunTime:0.0000s ]
SQL: SELECT `project_name` FROM `project` WHERE ( id=2 ) LIMIT 1   [ RunTime:0.0000s ]
SQL: SELECT `project_name` FROM `project` WHERE ( id=2 ) LIMIT 1   [ RunTime:0.0010s ]
SQL: SELECT `project_name` FROM `project` WHERE ( id=2 ) LIMIT 1   [ RunTime:0.0000s ]
NOTIC: [8] Undefined index: list C:\xampp\htdocs\auth\Application\Mobile\Controller\IndexController.class.php 第 24 行.
ERR: Call to a member function assign() on null

[ 2017-07-31T23:22:23+08:00 ] 127.0.0.1 /index.php/Mobile/Index/index.html
INFO: [ app_init ] --START--
INFO: Run Behavior\BuildLiteBehavior [ RunTime:0.000000s ]
INFO: [ app_init ] --END-- [ RunTime:0.001000s ]
INFO: [ app_begin ] --START--
INFO: Run Behavior\ReadHtmlCacheBehavior [ RunTime:0.000000s ]
INFO: [ app_begin ] --END-- [ RunTime:0.000000s ]
SQL: SHOW COLUMNS FROM `member_work` [ RunTime:0.0040s ]
SQL: SELECT * FROM `member_work` WHERE `uid` = 15  [ RunTime:0.0000s ]
SQL: SHOW COLUMNS FROM `project` [ RunTime:0.0030s ]
SQL: SELECT `project_name` FROM `project` WHERE ( id=2 ) LIMIT 1   [ RunTime:0.0010s ]
SQL: SELECT `project_name` FROM `project` WHERE ( id=2 ) LIMIT 1   [ RunTime:0.0000s ]
SQL: SELECT `project_name` FROM `project` WHERE ( id=2 ) LIMIT 1   [ RunTime:0.0000s ]
SQL: SELECT `project_name` FROM `project` WHERE ( id=2 ) LIMIT 1   [ RunTime:0.0000s ]
SQL: SELECT `project_name` FROM `project` WHERE ( id=2 ) LIMIT 1   [ RunTime:0.0000s ]
NOTIC: [8] Undefined index: list C:\xampp\htdocs\auth\Application\Mobile\Controller\IndexController.class.php 第 24 行.
ERR: Call to a member function assign() on null

[ 2017-07-31T23:22:24+08:00 ] 127.0.0.1 /index.php/Mobile/Index/index.html
INFO: [ app_init ] --START--
INFO: Run Behavior\BuildLiteBehavior [ RunTime:0.000000s ]
INFO: [ app_init ] --END-- [ RunTime:0.001000s ]
INFO: [ app_begin ] --START--
INFO: Run Behavior\ReadHtmlCacheBehavior [ RunTime:0.000000s ]
INFO: [ app_begin ] --END-- [ RunTime:0.000000s ]
SQL: SHOW COLUMNS FROM `member_work` [ RunTime:0.0030s ]
SQL: SELECT * FROM `member_work` WHERE `uid` = 15  [ RunTime:0.0010s ]
SQL: SHOW COLUMNS FROM `project` [ RunTime:0.0030s ]
SQL: SELECT `project_name` FROM `project` WHERE ( id=2 ) LIMIT 1   [ RunTime:0.0000s ]
SQL: SELECT `project_name` FROM `project` WHERE ( id=2 ) LIMIT 1   [ RunTime:0.0000s ]
SQL: SELECT `project_name` FROM `project` WHERE ( id=2 ) LIMIT 1   [ RunTime:0.0010s ]
SQL: SELECT `project_name` FROM `project` WHERE ( id=2 ) LIMIT 1   [ RunTime:0.0000s ]
SQL: SELECT `project_name` FROM `project` WHERE ( id=2 ) LIMIT 1   [ RunTime:0.0000s ]
NOTIC: [8] Undefined index: list C:\xampp\htdocs\auth\Application\Mobile\Controller\IndexController.class.php 第 24 行.
ERR: Call to a member function assign() on null

[ 2017-07-31T23:22:24+08:00 ] 127.0.0.1 /index.php/Mobile/Index/index.html
INFO: [ app_init ] --START--
INFO: Run Behavior\BuildLiteBehavior [ RunTime:0.000000s ]
INFO: [ app_init ] --END-- [ RunTime:0.000000s ]
INFO: [ app_begin ] --START--
INFO: Run Behavior\ReadHtmlCacheBehavior [ RunTime:0.000000s ]
INFO: [ app_begin ] --END-- [ RunTime:0.000000s ]
SQL: SHOW COLUMNS FROM `member_work` [ RunTime:0.0040s ]
SQL: SELECT * FROM `member_work` WHERE `uid` = 15  [ RunTime:0.0000s ]
SQL: SHOW COLUMNS FROM `project` [ RunTime:0.0030s ]
SQL: SELECT `project_name` FROM `project` WHERE ( id=2 ) LIMIT 1   [ RunTime:0.0010s ]
SQL: SELECT `project_name` FROM `project` WHERE ( id=2 ) LIMIT 1   [ RunTime:0.0000s ]
SQL: SELECT `project_name` FROM `project` WHERE ( id=2 ) LIMIT 1   [ RunTime:0.0000s ]
SQL: SELECT `project_name` FROM `project` WHERE ( id=2 ) LIMIT 1   [ RunTime:0.0000s ]
SQL: SELECT `project_name` FROM `project` WHERE ( id=2 ) LIMIT 1   [ RunTime:0.0010s ]
NOTIC: [8] Undefined index: list C:\xampp\htdocs\auth\Application\Mobile\Controller\IndexController.class.php 第 24 行.
ERR: Call to a member function assign() on null

[ 2017-07-31T23:22:50+08:00 ] 127.0.0.1 /index.php/Mobile/Index/index.html
INFO: [ app_init ] --START--
INFO: Run Behavior\BuildLiteBehavior [ RunTime:0.000000s ]
INFO: [ app_init ] --END-- [ RunTime:0.001000s ]
INFO: [ app_begin ] --START--
INFO: Run Behavior\ReadHtmlCacheBehavior [ RunTime:0.001000s ]
INFO: [ app_begin ] --END-- [ RunTime:0.001000s ]
INFO: [ action_begin ] --START--
INFO: Run Admin\Behaviors\OptionRecordBehavior [ RunTime:0.001000s ]
INFO: [ action_begin ] --END-- [ RunTime:0.001000s ]
SQL: SHOW COLUMNS FROM `member_work` [ RunTime:0.0040s ]
SQL: SELECT * FROM `member_work` WHERE `uid` = 15  [ RunTime:0.0000s ]
SQL: SHOW COLUMNS FROM `project` [ RunTime:0.0030s ]
SQL: SELECT `project_name` FROM `project` WHERE ( id=2 ) LIMIT 1   [ RunTime:0.0000s ]
SQL: SELECT `project_name` FROM `project` WHERE ( id=2 ) LIMIT 1   [ RunTime:0.0010s ]
SQL: SELECT `project_name` FROM `project` WHERE ( id=2 ) LIMIT 1   [ RunTime:0.0000s ]
SQL: SELECT `project_name` FROM `project` WHERE ( id=2 ) LIMIT 1   [ RunTime:0.0000s ]
SQL: SELECT `project_name` FROM `project` WHERE ( id=2 ) LIMIT 1   [ RunTime:0.0000s ]
NOTIC: [8] Undefined index: list C:\xampp\htdocs\auth\Application\Mobile\Controller\IndexController.class.php 第 25 行.
INFO: [ view_parse ] --START--
INFO: [ template_filter ] --START--
INFO: Run Behavior\ContentReplaceBehavior [ RunTime:0.000000s ]
INFO: [ template_filter ] --END-- [ RunTime:0.000000s ]
INFO: Run Behavior\ParseTemplateBehavior [ RunTime:0.004001s ]
INFO: [ view_parse ] --END-- [ RunTime:0.004001s ]
INFO: [ view_filter ] --START--
INFO: Run Behavior\WriteHtmlCacheBehavior [ RunTime:0.001000s ]
INFO: [ view_filter ] --END-- [ RunTime:0.001000s ]
INFO: [ app_end ] --START--
INFO: Run Behavior\ShowPageTraceBehavior [ RunTime:0.000000s ]
INFO: [ app_end ] --END-- [ RunTime:0.000000s ]

[ 2017-07-31T23:23:07+08:00 ] 127.0.0.1 /index.php/Mobile/Index/index.html
INFO: [ app_init ] --START--
INFO: Run Behavior\BuildLiteBehavior [ RunTime:0.000000s ]
INFO: [ app_init ] --END-- [ RunTime:0.001000s ]
INFO: [ app_begin ] --START--
INFO: Run Behavior\ReadHtmlCacheBehavior [ RunTime:0.001000s ]
INFO: [ app_begin ] --END-- [ RunTime:0.001000s ]
INFO: [ action_begin ] --START--
INFO: Run Admin\Behaviors\OptionRecordBehavior [ RunTime:0.001000s ]
INFO: [ action_begin ] --END-- [ RunTime:0.001000s ]
SQL: SHOW COLUMNS FROM `member_work` [ RunTime:0.0030s ]
SQL: SELECT * FROM `member_work` WHERE `uid` = 15  [ RunTime:0.0010s ]
SQL: SHOW COLUMNS FROM `project` [ RunTime:0.0030s ]
SQL: SELECT `project_name` FROM `project` WHERE ( id=2 ) LIMIT 1   [ RunTime:0.0000s ]
SQL: SELECT `project_name` FROM `project` WHERE ( id=2 ) LIMIT 1   [ RunTime:0.0000s ]
SQL: SELECT `project_name` FROM `project` WHERE ( id=2 ) LIMIT 1   [ RunTime:0.0000s ]
SQL: SELECT `project_name` FROM `project` WHERE ( id=2 ) LIMIT 1   [ RunTime:0.0010s ]
SQL: SELECT `project_name` FROM `project` WHERE ( id=2 ) LIMIT 1   [ RunTime:0.0000s ]
NOTIC: [8] Undefined index: list C:\xampp\htdocs\auth\Application\Mobile\Controller\IndexController.class.php 第 20 行.
INFO: [ view_parse ] --START--
INFO: [ template_filter ] --START--
INFO: Run Behavior\ContentReplaceBehavior [ RunTime:0.000000s ]
INFO: [ template_filter ] --END-- [ RunTime:0.000000s ]
INFO: Run Behavior\ParseTemplateBehavior [ RunTime:0.005000s ]
INFO: [ view_parse ] --END-- [ RunTime:0.005000s ]
INFO: [ view_filter ] --START--
INFO: Run Behavior\WriteHtmlCacheBehavior [ RunTime:0.000000s ]
INFO: [ view_filter ] --END-- [ RunTime:0.000000s ]
INFO: [ app_end ] --START--
INFO: Run Behavior\ShowPageTraceBehavior [ RunTime:0.001000s ]
INFO: [ app_end ] --END-- [ RunTime:0.001000s ]

[ 2017-07-31T23:23:08+08:00 ] 127.0.0.1 /index.php/Mobile/Index/index.html
INFO: [ app_init ] --START--
INFO: Run Behavior\BuildLiteBehavior [ RunTime:0.000000s ]
INFO: [ app_init ] --END-- [ RunTime:0.000000s ]
INFO: [ app_begin ] --START--
INFO: Run Behavior\ReadHtmlCacheBehavior [ RunTime:0.001000s ]
INFO: [ app_begin ] --END-- [ RunTime:0.001000s ]
INFO: [ action_begin ] --START--
INFO: Run Admin\Behaviors\OptionRecordBehavior [ RunTime:0.001000s ]
INFO: [ action_begin ] --END-- [ RunTime:0.001000s ]
SQL: SHOW COLUMNS FROM `member_work` [ RunTime:0.0040s ]
SQL: SELECT * FROM `member_work` WHERE `uid` = 15  [ RunTime:0.0000s ]
SQL: SHOW COLUMNS FROM `project` [ RunTime:0.0030s ]
SQL: SELECT `project_name` FROM `project` WHERE ( id=2 ) LIMIT 1   [ RunTime:0.0000s ]
SQL: SELECT `project_name` FROM `project` WHERE ( id=2 ) LIMIT 1   [ RunTime:0.0000s ]
SQL: SELECT `project_name` FROM `project` WHERE ( id=2 ) LIMIT 1   [ RunTime:0.0000s ]
SQL: SELECT `project_name` FROM `project` WHERE ( id=2 ) LIMIT 1   [ RunTime:0.0000s ]
SQL: SELECT `project_name` FROM `project` WHERE ( id=2 ) LIMIT 1   [ RunTime:0.0000s ]
NOTIC: [8] Undefined index: list C:\xampp\htdocs\auth\Application\Mobile\Controller\IndexController.class.php 第 20 行.
INFO: [ view_parse ] --START--
INFO: [ template_filter ] --START--
INFO: Run Behavior\ContentReplaceBehavior [ RunTime:0.000000s ]
INFO: [ template_filter ] --END-- [ RunTime:0.000000s ]
INFO: Run Behavior\ParseTemplateBehavior [ RunTime:0.004000s ]
INFO: [ view_parse ] --END-- [ RunTime:0.004000s ]
INFO: [ view_filter ] --START--
INFO: Run Behavior\WriteHtmlCacheBehavior [ RunTime:0.001000s ]
INFO: [ view_filter ] --END-- [ RunTime:0.001000s ]
INFO: [ app_end ] --START--
INFO: Run Behavior\ShowPageTraceBehavior [ RunTime:0.000000s ]
INFO: [ app_end ] --END-- [ RunTime:0.000000s ]

[ 2017-07-31T23:23:18+08:00 ] 127.0.0.1 /index.php/Mobile/Index/index.html
INFO: [ app_init ] --START--
INFO: Run Behavior\BuildLiteBehavior [ RunTime:0.000000s ]
INFO: [ app_init ] --END-- [ RunTime:0.000000s ]
INFO: [ app_begin ] --START--
INFO: Run Behavior\ReadHtmlCacheBehavior [ RunTime:0.000000s ]
INFO: [ app_begin ] --END-- [ RunTime:0.000000s ]
INFO: [ action_begin ] --START--
INFO: Run Admin\Behaviors\OptionRecordBehavior [ RunTime:0.000000s ]
INFO: [ action_begin ] --END-- [ RunTime:0.001000s ]
SQL: SHOW COLUMNS FROM `member_work` [ RunTime:0.0030s ]
SQL: SELECT * FROM `member_work` WHERE `uid` = 15  [ RunTime:0.0000s ]
SQL: SHOW COLUMNS FROM `project` [ RunTime:0.0030s ]
SQL: SELECT `project_name` FROM `project` WHERE ( id=2 ) LIMIT 1   [ RunTime:0.0000s ]
SQL: SELECT `project_name` FROM `project` WHERE ( id=2 ) LIMIT 1   [ RunTime:0.0000s ]
SQL: SELECT `project_name` FROM `project` WHERE ( id=2 ) LIMIT 1   [ RunTime:0.0010s ]
SQL: SELECT `project_name` FROM `project` WHERE ( id=2 ) LIMIT 1   [ RunTime:0.0000s ]
SQL: SELECT `project_name` FROM `project` WHERE ( id=2 ) LIMIT 1   [ RunTime:0.0000s ]
NOTIC: [8] Undefined index: list C:\xampp\htdocs\auth\Application\Mobile\Controller\IndexController.class.php 第 21 行.
INFO: [ view_parse ] --START--
INFO: [ template_filter ] --START--
INFO: Run Behavior\ContentReplaceBehavior [ RunTime:0.000000s ]
INFO: [ template_filter ] --END-- [ RunTime:0.000000s ]
INFO: Run Behavior\ParseTemplateBehavior [ RunTime:0.005000s ]
INFO: [ view_parse ] --END-- [ RunTime:0.005000s ]
INFO: [ view_filter ] --START--
INFO: Run Behavior\WriteHtmlCacheBehavior [ RunTime:0.000000s ]
INFO: [ view_filter ] --END-- [ RunTime:0.000000s ]
INFO: [ app_end ] --START--
INFO: Run Behavior\ShowPageTraceBehavior [ RunTime:0.001000s ]
INFO: [ app_end ] --END-- [ RunTime:0.001000s ]

[ 2017-07-31T23:23:38+08:00 ] 127.0.0.1 /index.php/Mobile/Index/index.html
INFO: [ app_init ] --START--
INFO: Run Behavior\BuildLiteBehavior [ RunTime:0.000000s ]
INFO: [ app_init ] --END-- [ RunTime:0.000000s ]
INFO: [ app_begin ] --START--
INFO: Run Behavior\ReadHtmlCacheBehavior [ RunTime:0.001000s ]
INFO: [ app_begin ] --END-- [ RunTime:0.001000s ]
INFO: [ action_begin ] --START--
INFO: Run Admin\Behaviors\OptionRecordBehavior [ RunTime:0.001000s ]
INFO: [ action_begin ] --END-- [ RunTime:0.001000s ]
SQL: SHOW COLUMNS FROM `member_work` [ RunTime:0.0030s ]

[ 2017-07-31T23:24:05+08:00 ] 127.0.0.1 /index.php/Mobile/Index/index.html
INFO: [ app_init ] --START--
INFO: Run Behavior\BuildLiteBehavior [ RunTime:0.000000s ]
INFO: [ app_init ] --END-- [ RunTime:0.001000s ]
INFO: [ app_begin ] --START--
INFO: Run Behavior\ReadHtmlCacheBehavior [ RunTime:0.001000s ]
INFO: [ app_begin ] --END-- [ RunTime:0.001000s ]
INFO: [ action_begin ] --START--
INFO: Run Admin\Behaviors\OptionRecordBehavior [ RunTime:0.001000s ]
INFO: [ action_begin ] --END-- [ RunTime:0.001000s ]
SQL: SHOW COLUMNS FROM `member_work` [ RunTime:0.0040s ]
SQL: SELECT * FROM `member_work` WHERE `uid` = 15  [ RunTime:0.0000s ]
SQL: SHOW COLUMNS FROM `project` [ RunTime:0.0030s ]
SQL: SELECT `project_name` FROM `project` WHERE ( id=2 ) LIMIT 1   [ RunTime:0.0000s ]
SQL: SELECT `project_name` FROM `project` WHERE ( id=2 ) LIMIT 1   [ RunTime:0.0000s ]
SQL: SELECT `project_name` FROM `project` WHERE ( id=2 ) LIMIT 1   [ RunTime:0.0000s ]
SQL: SELECT `project_name` FROM `project` WHERE ( id=2 ) LIMIT 1   [ RunTime:0.0000s ]
SQL: SELECT `project_name` FROM `project` WHERE ( id=2 ) LIMIT 1   [ RunTime:0.0000s ]
NOTIC: [8] Undefined index: list C:\xampp\htdocs\auth\Application\Mobile\Controller\IndexController.class.php 第 22 行.
INFO: [ view_parse ] --START--
INFO: [ template_filter ] --START--
INFO: Run Behavior\ContentReplaceBehavior [ RunTime:0.000000s ]
INFO: [ template_filter ] --END-- [ RunTime:0.000000s ]
INFO: Run Behavior\ParseTemplateBehavior [ RunTime:0.005000s ]
INFO: [ view_parse ] --END-- [ RunTime:0.005000s ]
INFO: [ view_filter ] --START--
INFO: Run Behavior\WriteHtmlCacheBehavior [ RunTime:0.000000s ]
INFO: [ view_filter ] --END-- [ RunTime:0.000000s ]
INFO: [ app_end ] --START--
INFO: Run Behavior\ShowPageTraceBehavior [ RunTime:0.000000s ]
INFO: [ app_end ] --END-- [ RunTime:0.000000s ]

[ 2017-07-31T23:26:50+08:00 ] 127.0.0.1 /index.php/Mobile/Index/index.html
INFO: [ app_init ] --START--
INFO: Run Behavior\BuildLiteBehavior [ RunTime:0.000000s ]
INFO: [ app_init ] --END-- [ RunTime:0.000000s ]
INFO: [ app_begin ] --START--
INFO: Run Behavior\ReadHtmlCacheBehavior [ RunTime:0.001000s ]
INFO: [ app_begin ] --END-- [ RunTime:0.001000s ]
INFO: [ action_begin ] --START--
INFO: Run Admin\Behaviors\OptionRecordBehavior [ RunTime:0.001000s ]
INFO: [ action_begin ] --END-- [ RunTime:0.001000s ]
SQL: SHOW COLUMNS FROM `member_work` [ RunTime:0.0030s ]
SQL: SELECT * FROM `member_work` WHERE `uid` = 15  [ RunTime:0.0010s ]
SQL: SHOW COLUMNS FROM `project` [ RunTime:0.0020s ]
SQL: SELECT `project_name` FROM `project` WHERE ( id=2 ) LIMIT 1   [ RunTime:0.0010s ]
SQL: SELECT `project_name` FROM `project` WHERE ( id=2 ) LIMIT 1   [ RunTime:0.0000s ]
SQL: SELECT `project_name` FROM `project` WHERE ( id=2 ) LIMIT 1   [ RunTime:0.0000s ]
SQL: SELECT `project_name` FROM `project` WHERE ( id=2 ) LIMIT 1   [ RunTime:0.0000s ]
SQL: SELECT `project_name` FROM `project` WHERE ( id=2 ) LIMIT 1   [ RunTime:0.0000s ]
NOTIC: [8] Undefined index: list C:\xampp\htdocs\auth\Application\Mobile\Controller\IndexController.class.php 第 22 行.
INFO: [ view_parse ] --START--
INFO: [ template_filter ] --START--
INFO: Run Behavior\ContentReplaceBehavior [ RunTime:0.000000s ]
INFO: [ template_filter ] --END-- [ RunTime:0.000000s ]
INFO: Run Behavior\ParseTemplateBehavior [ RunTime:0.005001s ]
INFO: [ view_parse ] --END-- [ RunTime:0.005001s ]
INFO: [ view_filter ] --START--
INFO: Run Behavior\WriteHtmlCacheBehavior [ RunTime:0.000000s ]
INFO: [ view_filter ] --END-- [ RunTime:0.000000s ]
INFO: [ app_end ] --START--
INFO: Run Behavior\ShowPageTraceBehavior [ RunTime:0.001000s ]
INFO: [ app_end ] --END-- [ RunTime:0.001000s ]

[ 2017-07-31T23:26:58+08:00 ] 127.0.0.1 /index.php/Mobile/Index/index.html
INFO: [ app_init ] --START--
INFO: Run Behavior\BuildLiteBehavior [ RunTime:0.000000s ]
INFO: [ app_init ] --END-- [ RunTime:0.001000s ]
INFO: [ app_begin ] --START--
INFO: Run Behavior\ReadHtmlCacheBehavior [ RunTime:0.001001s ]
INFO: [ app_begin ] --END-- [ RunTime:0.001001s ]
INFO: [ action_begin ] --START--
INFO: Run Admin\Behaviors\OptionRecordBehavior [ RunTime:0.000000s ]
INFO: [ action_begin ] --END-- [ RunTime:0.000000s ]
SQL: SHOW COLUMNS FROM `member_work` [ RunTime:0.0030s ]
SQL: SELECT * FROM `member_work` WHERE `uid` = 15  [ RunTime:0.0010s ]
SQL: SHOW COLUMNS FROM `project` [ RunTime:0.0020s ]
SQL: SELECT `project_name` FROM `project` WHERE ( id=2 ) LIMIT 1   [ RunTime:0.0000s ]
SQL: SELECT `project_name` FROM `project` WHERE ( id=2 ) LIMIT 1   [ RunTime:0.0000s ]
SQL: SELECT `project_name` FROM `project` WHERE ( id=2 ) LIMIT 1   [ RunTime:0.0000s ]
SQL: SELECT `project_name` FROM `project` WHERE ( id=2 ) LIMIT 1   [ RunTime:0.0000s ]
SQL: SELECT `project_name` FROM `project` WHERE ( id=2 ) LIMIT 1   [ RunTime:0.0010s ]
NOTIC: [8] Undefined index: list C:\xampp\htdocs\auth\Application\Mobile\Controller\IndexController.class.php 第 22 行.
INFO: [ view_parse ] --START--
INFO: [ template_filter ] --START--
INFO: Run Behavior\ContentReplaceBehavior [ RunTime:0.000000s ]
INFO: [ template_filter ] --END-- [ RunTime:0.000000s ]
INFO: Run Behavior\ParseTemplateBehavior [ RunTime:0.005000s ]
INFO: [ view_parse ] --END-- [ RunTime:0.005000s ]
INFO: [ view_filter ] --START--
INFO: Run Behavior\WriteHtmlCacheBehavior [ RunTime:0.000000s ]
INFO: [ view_filter ] --END-- [ RunTime:0.000000s ]
INFO: [ app_end ] --START--
INFO: Run Behavior\ShowPageTraceBehavior [ RunTime:0.001000s ]
INFO: [ app_end ] --END-- [ RunTime:0.001000s ]

[ 2017-07-31T23:26:59+08:00 ] 127.0.0.1 /index.php/Mobile/Index/index.html
INFO: [ app_init ] --START--
INFO: Run Behavior\BuildLiteBehavior [ RunTime:0.000000s ]
INFO: [ app_init ] --END-- [ RunTime:0.001000s ]
INFO: [ app_begin ] --START--
INFO: Run Behavior\ReadHtmlCacheBehavior [ RunTime:0.001000s ]
INFO: [ app_begin ] --END-- [ RunTime:0.001000s ]
INFO: [ action_begin ] --START--
INFO: Run Admin\Behaviors\OptionRecordBehavior [ RunTime:0.001000s ]
INFO: [ action_begin ] --END-- [ RunTime:0.001000s ]
SQL: SHOW COLUMNS FROM `member_work` [ RunTime:0.0030s ]
SQL: SELECT * FROM `member_work` WHERE `uid` = 15  [ RunTime:0.0000s ]
SQL: SHOW COLUMNS FROM `project` [ RunTime:0.0020s ]
SQL: SELECT `project_name` FROM `project` WHERE ( id=2 ) LIMIT 1   [ RunTime:0.0010s ]
SQL: SELECT `project_name` FROM `project` WHERE ( id=2 ) LIMIT 1   [ RunTime:0.0000s ]
SQL: SELECT `project_name` FROM `project` WHERE ( id=2 ) LIMIT 1   [ RunTime:0.0000s ]
SQL: SELECT `project_name` FROM `project` WHERE ( id=2 ) LIMIT 1   [ RunTime:0.0000s ]
SQL: SELECT `project_name` FROM `project` WHERE ( id=2 ) LIMIT 1   [ RunTime:0.0000s ]
NOTIC: [8] Undefined index: list C:\xampp\htdocs\auth\Application\Mobile\Controller\IndexController.class.php 第 22 行.
INFO: [ view_parse ] --START--
INFO: [ template_filter ] --START--
INFO: Run Behavior\ContentReplaceBehavior [ RunTime:0.000000s ]
INFO: [ template_filter ] --END-- [ RunTime:0.000000s ]
INFO: Run Behavior\ParseTemplateBehavior [ RunTime:0.005000s ]
INFO: [ view_parse ] --END-- [ RunTime:0.005000s ]
INFO: [ view_filter ] --START--
INFO: Run Behavior\WriteHtmlCacheBehavior [ RunTime:0.000000s ]
INFO: [ view_filter ] --END-- [ RunTime:0.000000s ]
INFO: [ app_end ] --START--
INFO: Run Behavior\ShowPageTraceBehavior [ RunTime:0.001000s ]
INFO: [ app_end ] --END-- [ RunTime:0.001000s ]

[ 2017-07-31T23:27:10+08:00 ] 127.0.0.1 /index.php/Mobile/Index/index.html
INFO: [ app_init ] --START--
INFO: Run Behavior\BuildLiteBehavior [ RunTime:0.000000s ]
INFO: [ app_init ] --END-- [ RunTime:0.000000s ]
INFO: [ app_begin ] --START--
INFO: Run Behavior\ReadHtmlCacheBehavior [ RunTime:0.000000s ]
INFO: [ app_begin ] --END-- [ RunTime:0.000000s ]
INFO: [ action_begin ] --START--
INFO: Run Admin\Behaviors\OptionRecordBehavior [ RunTime:0.001000s ]
INFO: [ action_begin ] --END-- [ RunTime:0.001000s ]
SQL: SHOW COLUMNS FROM `member_work` [ RunTime:0.0030s ]
SQL: SELECT * FROM `member_work` WHERE `uid` = 15  [ RunTime:0.0000s ]
SQL: SHOW COLUMNS FROM `project` [ RunTime:0.0030s ]
SQL: SELECT `project_name` FROM `project` WHERE ( id=2 ) LIMIT 1   [ RunTime:0.0010s ]
SQL: SELECT `project_name` FROM `project` WHERE ( id=2 ) LIMIT 1   [ RunTime:0.0000s ]
SQL: SELECT `project_name` FROM `project` WHERE ( id=2 ) LIMIT 1   [ RunTime:0.0000s ]
SQL: SELECT `project_name` FROM `project` WHERE ( id=2 ) LIMIT 1   [ RunTime:0.0000s ]
SQL: SELECT `project_name` FROM `project` WHERE ( id=2 ) LIMIT 1   [ RunTime:0.0000s ]
INFO: [ view_parse ] --START--
INFO: [ template_filter ] --START--
INFO: Run Behavior\ContentReplaceBehavior [ RunTime:0.000000s ]
INFO: [ template_filter ] --END-- [ RunTime:0.000000s ]
INFO: Run Behavior\ParseTemplateBehavior [ RunTime:0.005001s ]
INFO: [ view_parse ] --END-- [ RunTime:0.005001s ]
INFO: [ view_filter ] --START--
INFO: Run Behavior\WriteHtmlCacheBehavior [ RunTime:0.000000s ]
INFO: [ view_filter ] --END-- [ RunTime:0.000000s ]
INFO: [ app_end ] --START--
INFO: Run Behavior\ShowPageTraceBehavior [ RunTime:0.001000s ]
INFO: [ app_end ] --END-- [ RunTime:0.001000s ]

[ 2017-07-31T23:32:10+08:00 ] 127.0.0.1 /index.php/Mobile/Index/index.html
INFO: [ app_init ] --START--
INFO: Run Behavior\BuildLiteBehavior [ RunTime:0.000000s ]
INFO: [ app_init ] --END-- [ RunTime:0.000000s ]
INFO: [ app_begin ] --START--
INFO: Run Behavior\ReadHtmlCacheBehavior [ RunTime:0.001000s ]
INFO: [ app_begin ] --END-- [ RunTime:0.001000s ]
INFO: [ action_begin ] --START--
INFO: Run Admin\Behaviors\OptionRecordBehavior [ RunTime:0.000000s ]
INFO: [ action_begin ] --END-- [ RunTime:0.000000s ]
SQL: SHOW COLUMNS FROM `member_work` [ RunTime:0.0040s ]
SQL: SELECT * FROM `member_work` WHERE `uid` = 15  [ RunTime:0.0000s ]
SQL: SHOW COLUMNS FROM `project` [ RunTime:0.0030s ]
SQL: SELECT `project_name` FROM `project` WHERE ( id=2 ) LIMIT 1   [ RunTime:0.0010s ]
SQL: SELECT `project_name` FROM `project` WHERE ( id=2 ) LIMIT 1   [ RunTime:0.0000s ]
SQL: SELECT `project_name` FROM `project` WHERE ( id=2 ) LIMIT 1   [ RunTime:0.0000s ]
SQL: SELECT `project_name` FROM `project` WHERE ( id=2 ) LIMIT 1   [ RunTime:0.0000s ]
SQL: SELECT `project_name` FROM `project` WHERE ( id=2 ) LIMIT 1   [ RunTime:0.0000s ]
INFO: [ view_parse ] --START--
INFO: [ template_filter ] --START--
INFO: Run Behavior\ContentReplaceBehavior [ RunTime:0.000000s ]
INFO: [ template_filter ] --END-- [ RunTime:0.000000s ]
INFO: Run Behavior\ParseTemplateBehavior [ RunTime:0.004001s ]
INFO: [ view_parse ] --END-- [ RunTime:0.004001s ]
INFO: [ view_filter ] --START--
INFO: Run Behavior\WriteHtmlCacheBehavior [ RunTime:0.001000s ]
INFO: [ view_filter ] --END-- [ RunTime:0.001000s ]
INFO: [ app_end ] --START--
INFO: Run Behavior\ShowPageTraceBehavior [ RunTime:0.000000s ]
INFO: [ app_end ] --END-- [ RunTime:0.000000s ]

[ 2017-07-31T23:32:13+08:00 ] 127.0.0.1 /index.php/Mobile/Index/addWork/id/1.html
INFO: [ app_init ] --START--
INFO: Run Behavior\BuildLiteBehavior [ RunTime:0.000000s ]
INFO: [ app_init ] --END-- [ RunTime:0.000000s ]
INFO: [ app_begin ] --START--
INFO: Run Behavior\ReadHtmlCacheBehavior [ RunTime:0.000000s ]
INFO: [ app_begin ] --END-- [ RunTime:0.000000s ]
INFO: [ action_begin ] --START--
INFO: Run Admin\Behaviors\OptionRecordBehavior [ RunTime:0.000000s ]
INFO: [ action_begin ] --END-- [ RunTime:0.000000s ]
SQL: SHOW COLUMNS FROM `project_member` [ RunTime:0.0030s ]
SQL: SELECT `pid`,`id` FROM `project_member` WHERE `eid` = 15  [ RunTime:0.0000s ]
SQL: SHOW COLUMNS FROM `project_member` [ RunTime:0.0030s ]
SQL: SELECT b.project_name FROM `project_member` INNER JOIN project as b on project_member.pid = b.id  WHERE ( project_member.id=2 ) LIMIT 1   [ RunTime:0.0000s ]
INFO: [ view_parse ] --START--
INFO: [ template_filter ] --START--
INFO: Run Behavior\ContentReplaceBehavior [ RunTime:0.000000s ]
INFO: [ template_filter ] --END-- [ RunTime:0.000000s ]
NOTIC: [8] Undefined variable: project_lists C:\xampp\htdocs\auth\Application\Runtime\Cache\Mobile\f713b2a56907f717977fd467ba1d7c77.php 第 40 行.
INFO: Run Behavior\ParseTemplateBehavior [ RunTime:0.005000s ]
INFO: [ view_parse ] --END-- [ RunTime:0.005000s ]
INFO: [ view_filter ] --START--
INFO: Run Behavior\WriteHtmlCacheBehavior [ RunTime:0.001000s ]
INFO: [ view_filter ] --END-- [ RunTime:0.001000s ]
INFO: [ app_end ] --START--
INFO: Run Behavior\ShowPageTraceBehavior [ RunTime:0.000000s ]
INFO: [ app_end ] --END-- [ RunTime:0.000000s ]

[ 2017-07-31T23:34:13+08:00 ] 127.0.0.1 /index.php/Mobile/Index/addWork/id/1.html
INFO: [ app_init ] --START--
INFO: Run Behavior\BuildLiteBehavior [ RunTime:0.000000s ]
INFO: [ app_init ] --END-- [ RunTime:0.000000s ]
INFO: [ app_begin ] --START--
INFO: Run Behavior\ReadHtmlCacheBehavior [ RunTime:0.001000s ]
INFO: [ app_begin ] --END-- [ RunTime:0.001000s ]
INFO: [ action_begin ] --START--
INFO: Run Admin\Behaviors\OptionRecordBehavior [ RunTime:0.001000s ]
INFO: [ action_begin ] --END-- [ RunTime:0.001000s ]
SQL: SHOW COLUMNS FROM `project_member` [ RunTime:0.0030s ]
SQL: SELECT `pid`,`id` FROM `project_member` WHERE `eid` = 15  [ RunTime:0.0000s ]
SQL: SHOW COLUMNS FROM `project_member` [ RunTime:0.0030s ]
SQL: SELECT b.project_name FROM `project_member` INNER JOIN project as b on project_member.pid = b.id  WHERE ( project_member.id=2 ) LIMIT 1   [ RunTime:0.0000s ]
INFO: [ view_parse ] --START--
INFO: [ template_filter ] --START--
INFO: Run Behavior\ContentReplaceBehavior [ RunTime:0.000000s ]
INFO: [ template_filter ] --END-- [ RunTime:0.000000s ]
NOTIC: [8] Undefined variable: project_lists C:\xampp\htdocs\auth\Application\Runtime\Cache\Mobile\f713b2a56907f717977fd467ba1d7c77.php 第 40 行.
INFO: Run Behavior\ParseTemplateBehavior [ RunTime:0.004000s ]
INFO: [ view_parse ] --END-- [ RunTime:0.004000s ]
INFO: [ view_filter ] --START--
INFO: Run Behavior\WriteHtmlCacheBehavior [ RunTime:0.001000s ]
INFO: [ view_filter ] --END-- [ RunTime:0.001000s ]
INFO: [ app_end ] --START--
INFO: Run Behavior\ShowPageTraceBehavior [ RunTime:0.000000s ]
INFO: [ app_end ] --END-- [ RunTime:0.000000s ]

[ 2017-07-31T23:34:16+08:00 ] 127.0.0.1 /index.php/Mobile/Index/addWork/id/1.html
INFO: [ app_init ] --START--
INFO: Run Behavior\BuildLiteBehavior [ RunTime:0.000000s ]
INFO: [ app_init ] --END-- [ RunTime:0.000000s ]
INFO: [ app_begin ] --START--
INFO: Run Behavior\ReadHtmlCacheBehavior [ RunTime:0.001000s ]
INFO: [ app_begin ] --END-- [ RunTime:0.001000s ]
INFO: [ action_begin ] --START--
INFO: Run Admin\Behaviors\OptionRecordBehavior [ RunTime:0.002000s ]
INFO: [ action_begin ] --END-- [ RunTime:0.002000s ]
SQL: SHOW COLUMNS FROM `project_member` [ RunTime:0.0030s ]
SQL: SELECT `pid`,`id` FROM `project_member` WHERE `eid` = 15  [ RunTime:0.0000s ]
SQL: SHOW COLUMNS FROM `project_member` [ RunTime:0.0030s ]
SQL: SELECT b.project_name FROM `project_member` INNER JOIN project as b on project_member.pid = b.id  WHERE ( project_member.id=2 ) LIMIT 1   [ RunTime:0.0000s ]
INFO: [ view_parse ] --START--
INFO: [ template_filter ] --START--
INFO: Run Behavior\ContentReplaceBehavior [ RunTime:0.000000s ]
INFO: [ template_filter ] --END-- [ RunTime:0.000000s ]
NOTIC: [8] Undefined variable: project_lists C:\xampp\htdocs\auth\Application\Runtime\Cache\Mobile\f713b2a56907f717977fd467ba1d7c77.php 第 40 行.
INFO: Run Behavior\ParseTemplateBehavior [ RunTime:0.004000s ]
INFO: [ view_parse ] --END-- [ RunTime:0.004000s ]
INFO: [ view_filter ] --START--
INFO: Run Behavior\WriteHtmlCacheBehavior [ RunTime:0.001000s ]
INFO: [ view_filter ] --END-- [ RunTime:0.001000s ]
INFO: [ app_end ] --START--
INFO: Run Behavior\ShowPageTraceBehavior [ RunTime:0.000000s ]
INFO: [ app_end ] --END-- [ RunTime:0.000000s ]

[ 2017-07-31T23:34:50+08:00 ] 127.0.0.1 /index.php/Mobile/Index/addWork/id/1.html
INFO: [ app_init ] --START--
INFO: Run Behavior\BuildLiteBehavior [ RunTime:0.000000s ]
INFO: [ app_init ] --END-- [ RunTime:0.000000s ]
INFO: [ app_begin ] --START--
INFO: Run Behavior\ReadHtmlCacheBehavior [ RunTime:0.001000s ]
INFO: [ app_begin ] --END-- [ RunTime:0.001000s ]
INFO: [ action_begin ] --START--
INFO: Run Admin\Behaviors\OptionRecordBehavior [ RunTime:0.001000s ]
INFO: [ action_begin ] --END-- [ RunTime:0.001000s ]
SQL: SHOW COLUMNS FROM `project_member` [ RunTime:0.0030s ]
SQL: SELECT `pid`,`id` FROM `project_member` WHERE `eid` = 15  [ RunTime:0.0010s ]
SQL: SHOW COLUMNS FROM `project_member` [ RunTime:0.0030s ]
SQL: SELECT b.project_name FROM `project_member` INNER JOIN project as b on project_member.pid = b.id  WHERE ( project_member.id=2 ) LIMIT 1   [ RunTime:0.0000s ]
INFO: [ view_parse ] --START--
INFO: [ template_filter ] --START--
INFO: Run Behavior\ContentReplaceBehavior [ RunTime:0.000000s ]
INFO: [ template_filter ] --END-- [ RunTime:0.000000s ]
INFO: Run Behavior\ParseTemplateBehavior [ RunTime:0.005000s ]
INFO: [ view_parse ] --END-- [ RunTime:0.005000s ]
INFO: [ view_filter ] --START--
INFO: Run Behavior\WriteHtmlCacheBehavior [ RunTime:0.001000s ]
INFO: [ view_filter ] --END-- [ RunTime:0.001000s ]
INFO: [ app_end ] --START--
INFO: Run Behavior\ShowPageTraceBehavior [ RunTime:0.000000s ]
INFO: [ app_end ] --END-- [ RunTime:0.000000s ]

[ 2017-07-31T23:34:55+08:00 ] 127.0.0.1 /index.php/Mobile/Index/addWork.html
INFO: [ app_init ] --START--
INFO: Run Behavior\BuildLiteBehavior [ RunTime:0.000000s ]
INFO: [ app_init ] --END-- [ RunTime:0.000000s ]
INFO: [ app_begin ] --START--
INFO: Run Behavior\ReadHtmlCacheBehavior [ RunTime:0.000000s ]
INFO: [ app_begin ] --END-- [ RunTime:0.001000s ]
INFO: [ action_begin ] --START--
INFO: Run Admin\Behaviors\OptionRecordBehavior [ RunTime:0.001000s ]
INFO: [ action_begin ] --END-- [ RunTime:0.001000s ]
ERR: Call to a member function addWork() on null

[ 2017-07-31T23:35:23+08:00 ] 127.0.0.1 /index.php/Mobile/Index/addWork.html
INFO: [ app_init ] --START--
INFO: Run Behavior\BuildLiteBehavior [ RunTime:0.000000s ]
INFO: [ app_init ] --END-- [ RunTime:0.001000s ]
INFO: [ app_begin ] --START--
INFO: Run Behavior\ReadHtmlCacheBehavior [ RunTime:0.000000s ]
INFO: [ app_begin ] --END-- [ RunTime:0.000000s ]
INFO: [ action_begin ] --START--
INFO: Run Admin\Behaviors\OptionRecordBehavior [ RunTime:0.001000s ]
INFO: [ action_begin ] --END-- [ RunTime:0.001000s ]
SQL: SHOW COLUMNS FROM `member_work` [ RunTime:0.0030s ]
SQL: INSERT INTO `member_work` (`uid`,`created_time`,`pid`,`work_hours`,`work_content`) VALUES ('15','1501515323','2','3','4') [ RunTime:0.0350s ]
INFO: [ view_parse ] --START--
INFO: [ template_filter ] --START--
INFO: Run Behavior\ContentReplaceBehavior [ RunTime:0.000000s ]
INFO: [ template_filter ] --END-- [ RunTime:0.000000s ]
INFO: Run Behavior\ParseTemplateBehavior [ RunTime:0.005000s ]
INFO: [ view_parse ] --END-- [ RunTime:0.005000s ]
INFO: [ view_filter ] --START--
INFO: Run Behavior\WriteHtmlCacheBehavior [ RunTime:0.001000s ]
INFO: [ view_filter ] --END-- [ RunTime:0.001000s ]
INFO: [ app_end ] --START--
INFO: Run Behavior\ShowPageTraceBehavior [ RunTime:0.000000s ]
INFO: [ app_end ] --END-- [ RunTime:0.000000s ]

[ 2017-07-31T23:40:09+08:00 ] 127.0.0.1 /index.php/Mobile/Index/makeupWork
INFO: [ app_init ] --START--
INFO: Run Behavior\BuildLiteBehavior [ RunTime:0.000000s ]
INFO: [ app_init ] --END-- [ RunTime:0.000000s ]
INFO: [ app_begin ] --START--
INFO: Run Behavior\ReadHtmlCacheBehavior [ RunTime:0.001000s ]
INFO: [ app_begin ] --END-- [ RunTime:0.001000s ]
INFO: [ action_begin ] --START--
INFO: Run Admin\Behaviors\OptionRecordBehavior [ RunTime:0.001000s ]
INFO: [ action_begin ] --END-- [ RunTime:0.001000s ]
SQL: SHOW COLUMNS FROM `project_member` [ RunTime:0.0030s ]
SQL: SELECT `pid`,`id` FROM `project_member` WHERE `eid` = 15  [ RunTime:0.0000s ]
SQL: SHOW COLUMNS FROM `project_member` [ RunTime:0.0030s ]
SQL: SELECT b.project_name FROM `project_member` INNER JOIN project as b on project_member.pid = b.id  WHERE ( project_member.id=2 ) LIMIT 1   [ RunTime:0.0000s ]
INFO: [ view_parse ] --START--
INFO: [ template_filter ] --START--
INFO: Run Behavior\ContentReplaceBehavior [ RunTime:0.000000s ]
INFO: [ template_filter ] --END-- [ RunTime:0.000000s ]
NOTIC: [8] Undefined variable: mid C:\xampp\htdocs\auth\Application\Runtime\Cache\Mobile\b762973de89d9b2873ce912c9393c872.php 第 20 行.
INFO: Run Behavior\ParseTemplateBehavior [ RunTime:0.006001s ]
INFO: [ view_parse ] --END-- [ RunTime:0.006001s ]
INFO: [ view_filter ] --START--
INFO: Run Behavior\WriteHtmlCacheBehavior [ RunTime:0.000000s ]
INFO: [ view_filter ] --END-- [ RunTime:0.000000s ]
INFO: [ app_end ] --START--
INFO: Run Behavior\ShowPageTraceBehavior [ RunTime:0.001000s ]
INFO: [ app_end ] --END-- [ RunTime:0.001000s ]

[ 2017-07-31T23:46:29+08:00 ] 127.0.0.1 /index.php/Mobile/Index/makeupWork
INFO: [ app_init ] --START--
INFO: Run Behavior\BuildLiteBehavior [ RunTime:0.000000s ]
INFO: [ app_init ] --END-- [ RunTime:0.001000s ]
INFO: [ app_begin ] --START--
INFO: Run Behavior\ReadHtmlCacheBehavior [ RunTime:0.000000s ]
INFO: [ app_begin ] --END-- [ RunTime:0.000000s ]
INFO: [ action_begin ] --START--
INFO: Run Admin\Behaviors\OptionRecordBehavior [ RunTime:0.001000s ]
INFO: [ action_begin ] --END-- [ RunTime:0.001000s ]
SQL: SHOW COLUMNS FROM `project_member` [ RunTime:0.0030s ]
SQL: SELECT `pid`,`id` FROM `project_member` WHERE `eid` = 15  [ RunTime:0.0000s ]
SQL: SHOW COLUMNS FROM `project_member` [ RunTime:0.0030s ]
SQL: SELECT b.project_name FROM `project_member` INNER JOIN project as b on project_member.pid = b.id  WHERE ( project_member.id=2 ) LIMIT 1   [ RunTime:0.0000s ]
INFO: [ view_parse ] --START--
INFO: [ template_filter ] --START--
INFO: Run Behavior\ContentReplaceBehavior [ RunTime:0.000000s ]
INFO: [ template_filter ] --END-- [ RunTime:0.000000s ]
NOTIC: [8] Undefined variable: mid C:\xampp\htdocs\auth\Application\Runtime\Cache\Mobile\b762973de89d9b2873ce912c9393c872.php 第 27 行.
INFO: Run Behavior\ParseTemplateBehavior [ RunTime:0.006000s ]
INFO: [ view_parse ] --END-- [ RunTime:0.006000s ]
INFO: [ view_filter ] --START--
INFO: Run Behavior\WriteHtmlCacheBehavior [ RunTime:0.000000s ]
INFO: [ view_filter ] --END-- [ RunTime:0.000000s ]
INFO: [ app_end ] --START--
INFO: Run Behavior\ShowPageTraceBehavior [ RunTime:0.001000s ]
INFO: [ app_end ] --END-- [ RunTime:0.001000s ]

[ 2017-07-31T23:46:38+08:00 ] 127.0.0.1 /index.php/Mobile/Index/makeupWork.html
INFO: [ app_init ] --START--
INFO: Run Behavior\BuildLiteBehavior [ RunTime:0.000000s ]
INFO: [ app_init ] --END-- [ RunTime:0.001000s ]
INFO: [ app_begin ] --START--
INFO: Run Behavior\ReadHtmlCacheBehavior [ RunTime:0.001000s ]
INFO: [ app_begin ] --END-- [ RunTime:0.001000s ]
INFO: [ action_begin ] --START--
INFO: Run Admin\Behaviors\OptionRecordBehavior [ RunTime:0.001000s ]
INFO: [ action_begin ] --END-- [ RunTime:0.001000s ]
SQL: SHOW COLUMNS FROM `member_work` [ RunTime:0.0030s ]
SQL: SHOW COLUMNS FROM `member_work` [ RunTime:0.0030s ]
SQL: SELECT `id` FROM `member_work` WHERE `uid` = 15 AND `pid` = 2 LIMIT 1   [ RunTime:0.0010s ]
SQL: SHOW COLUMNS FROM `makeup_member_work` [ RunTime:0.0030s ]
SQL: INSERT INTO `makeup_member_work` (`mid`,`additional_recording_time`,`additional_recording`,`work_hours`,`work_content`) VALUES ('1','2017-07-12','1','433333','3') [ RunTime:0.0590s ]
INFO: [ view_parse ] --START--
INFO: [ template_filter ] --START--
INFO: Run Behavior\ContentReplaceBehavior [ RunTime:0.000000s ]
INFO: [ template_filter ] --END-- [ RunTime:0.000000s ]
INFO: Run Behavior\ParseTemplateBehavior [ RunTime:0.004000s ]
INFO: [ view_parse ] --END-- [ RunTime:0.005000s ]
INFO: [ view_filter ] --START--
INFO: Run Behavior\WriteHtmlCacheBehavior [ RunTime:0.000000s ]
INFO: [ view_filter ] --END-- [ RunTime:0.000000s ]
INFO: [ app_end ] --START--
INFO: Run Behavior\ShowPageTraceBehavior [ RunTime:0.001000s ]
INFO: [ app_end ] --END-- [ RunTime:0.001000s ]

