[ 2017-08-07T09:30:21+08:00 ] 223.81.192.160 /
INFO: [ app_init ] --START--
INFO: Run Behavior\BuildLiteBehavior [ RunTime:0.000017s ]
INFO: [ app_init ] --END-- [ RunTime:0.000289s ]
INFO: [ app_begin ] --START--
INFO: Run Behavior\ReadHtmlCacheBehavior [ RunTime:0.000344s ]
INFO: [ app_begin ] --END-- [ RunTime:0.000392s ]
INFO: [ action_begin ] --START--
ERR: 1146:Table '9xgk_ygjx.admin_menu' doesn't exist
 [ SQL语句 ] : SHOW COLUMNS FROM `admin_menu`
ERR: 1146:Table '9xgk_ygjx.admin_menu' doesn't exist
 [ SQL语句 ] : SHOW COLUMNS FROM `admin_menu`

[ 2017-08-07T18:33:11+08:00 ] 223.81.192.160 /
INFO: [ app_init ] --START--
INFO: Run Behavior\BuildLiteBehavior [ RunTime:0.000013s ]
INFO: [ app_init ] --END-- [ RunTime:0.000244s ]
INFO: [ app_begin ] --START--
INFO: Run Behavior\ReadHtmlCacheBehavior [ RunTime:0.000332s ]
INFO: [ app_begin ] --END-- [ RunTime:0.000378s ]
INFO: [ action_begin ] --START--
ERR: 1146:Table '9xgk_ygjx.admin_menu' doesn't exist
 [ SQL语句 ] : SHOW COLUMNS FROM `admin_menu`
ERR: 1146:Table '9xgk_ygjx.admin_menu' doesn't exist
 [ SQL语句 ] : SHOW COLUMNS FROM `admin_menu`

